#
# There is insufficient memory for the Java Runtime Environment to continue.
# Native memory allocation (malloc) failed to allocate 1702112 bytes for Chunk::new
# Possible reasons:
#   The system is out of physical RAM or swap space
#   The process is running with CompressedOops enabled, and the Java Heap may be blocking the growth of the native heap
# Possible solutions:
#   Reduce memory load on the system
#   Increase physical memory or swap space
#   Check if swap backing store is full
#   Decrease Java heap size (-Xmx/-Xms)
#   Decrease number of Java threads
#   Decrease Java thread stack sizes (-Xss)
#   Set larger code cache with -XX:ReservedCodeCacheSize=
#   JVM is running with Unscaled Compressed Oops mode in which the Java heap is
#     placed in the first 4GB address space. The Java Heap base address is the
#     maximum limit for the native heap growth. Please use -XX:HeapBaseMinAddress
#     to set the Java Heap base and to place the Java Heap above 4GB virtual address.
# This output file may be truncated or incomplete.
#
#  Out of Memory Error (arena.cpp:189), pid=2396, tid=14016
#
# JRE version: Java(TM) SE Runtime Environment (17.0.11+7) (build 17.0.11+7-LTS-207)
# Java VM: Java HotSpot(TM) 64-Bit Server VM (17.0.11+7-LTS-207, mixed mode, sharing, tiered, compressed oops, compressed class ptrs, g1 gc, windows-amd64)
# No core dump will be written. Minidumps are not enabled by default on client versions of Windows
#

---------------  S U M M A R Y ------------

Command Line: --add-opens=java.base/java.util=ALL-UNNAMED --add-opens=java.base/java.lang=ALL-UNNAMED --add-opens=java.base/java.lang.invoke=ALL-UNNAMED --add-opens=java.prefs/java.util.prefs=ALL-UNNAMED --add-opens=java.base/java.nio.charset=ALL-UNNAMED --add-opens=java.base/java.net=ALL-UNNAMED --add-opens=java.base/java.util.concurrent.atomic=ALL-UNNAMED -XX:MaxMetaspaceSize=384m -XX:+HeapDumpOnOutOfMemoryError -Xms256m -Xmx512m -Dfile.encoding=UTF-8 -Duser.country=KR -Duser.language=ko -Duser.variant -javaagent:C:\Users\bitcamp\.gradle\wrapper\dists\gradle-8.8-bin\dl7vupf4psengwqhwktix4v1\gradle-8.8\lib\agents\gradle-instrumentation-agent-8.8.jar org.gradle.launcher.daemon.bootstrap.GradleDaemon 8.8

Host: Intel(R) Core(TM) i7-9700 CPU @ 3.00GHz, 8 cores, 15G,  Windows 11 , 64 bit Build 22621 (10.0.22621.3958)
Time: Tue Aug 27 14:39:01 2024  Windows 11 , 64 bit Build 22621 (10.0.22621.3958) elapsed time: 2.182132 seconds (0d 0h 0m 2s)

---------------  T H R E A D  ---------------

Current thread (0x000002157ced63f0):  JavaThread "C2 CompilerThread0" daemon [_thread_in_native, id=14016, stack(0x00000020ac200000,0x00000020ac300000)]


Current CompileTask:
C2:   2182 2300   !   4       java.net.URLClassLoader::findClass (47 bytes)

Stack: [0x00000020ac200000,0x00000020ac300000]
Native frames: (J=compiled Java code, j=interpreted, Vv=VM code, C=native code)
V  [jvm.dll+0x679cca]
V  [jvm.dll+0x7da13d]
V  [jvm.dll+0x7dba83]
V  [jvm.dll+0x7dc0f3]
V  [jvm.dll+0x2449af]
V  [jvm.dll+0xab83b]
V  [jvm.dll+0xabe1c]
V  [jvm.dll+0x3615ae]
V  [jvm.dll+0x1b9fca]
V  [jvm.dll+0x216337]
V  [jvm.dll+0x21560f]
V  [jvm.dll+0x1a2040]
V  [jvm.dll+0x225a2b]
V  [jvm.dll+0x223bcb]
V  [jvm.dll+0x7903ec]
V  [jvm.dll+0x78a85a]
V  [jvm.dll+0x678bb5]
C  [ucrtbase.dll+0x29333]
C  [KERNEL32.DLL+0x1257d]
C  [ntdll.dll+0x5af28]


---------------  P R O C E S S  ---------------

Threads class SMR info:
_java_thread_list=0x000002157f894a80, length=26, elements={
0x0000021562582d20, 0x000002157ceb02e0, 0x000002157ceb2080, 0x000002157ced37c0,
0x000002157ced4190, 0x000002157ced4a60, 0x000002157ced5330, 0x000002157ced63f0,
0x000002157ced6db0, 0x000002157ceda6e0, 0x000002157cefe8b0, 0x000002157d183660,
0x000002157d382500, 0x000002157ed229e0, 0x000002157e2ee220, 0x000002157ed89610,
0x000002157edaebf0, 0x000002157e5e4a40, 0x000002157e886ba0, 0x000002157e886690,
0x000002157e8870b0, 0x000002157e8875c0, 0x000002157e888f10, 0x000002157e887ad0,
0x000002157e885760, 0x000002157e885c70
}

Java Threads: ( => current thread )
  0x0000021562582d20 JavaThread "main" [_thread_blocked, id=21732, stack(0x00000020ab500000,0x00000020ab600000)]
  0x000002157ceb02e0 JavaThread "Reference Handler" daemon [_thread_blocked, id=2192, stack(0x00000020abc00000,0x00000020abd00000)]
  0x000002157ceb2080 JavaThread "Finalizer" daemon [_thread_blocked, id=2912, stack(0x00000020abd00000,0x00000020abe00000)]
  0x000002157ced37c0 JavaThread "Signal Dispatcher" daemon [_thread_blocked, id=5648, stack(0x00000020abe00000,0x00000020abf00000)]
  0x000002157ced4190 JavaThread "Attach Listener" daemon [_thread_blocked, id=18616, stack(0x00000020abf00000,0x00000020ac000000)]
  0x000002157ced4a60 JavaThread "Service Thread" daemon [_thread_blocked, id=24180, stack(0x00000020ac000000,0x00000020ac100000)]
  0x000002157ced5330 JavaThread "Monitor Deflation Thread" daemon [_thread_blocked, id=23456, stack(0x00000020ac100000,0x00000020ac200000)]
=>0x000002157ced63f0 JavaThread "C2 CompilerThread0" daemon [_thread_in_native, id=14016, stack(0x00000020ac200000,0x00000020ac300000)]
  0x000002157ced6db0 JavaThread "C1 CompilerThread0" daemon [_thread_in_native, id=3932, stack(0x00000020ac300000,0x00000020ac400000)]
  0x000002157ceda6e0 JavaThread "Sweeper thread" daemon [_thread_blocked, id=3360, stack(0x00000020ac400000,0x00000020ac500000)]
  0x000002157cefe8b0 JavaThread "Common-Cleaner" daemon [_thread_blocked, id=17036, stack(0x00000020ac500000,0x00000020ac600000)]
  0x000002157d183660 JavaThread "Notification Thread" daemon [_thread_blocked, id=13844, stack(0x00000020ac600000,0x00000020ac700000)]
  0x000002157d382500 JavaThread "C2 CompilerThread1" daemon [_thread_in_vm, id=15100, stack(0x00000020ac800000,0x00000020ac900000)]
  0x000002157ed229e0 JavaThread "Daemon health stats" [_thread_blocked, id=23392, stack(0x00000020ac900000,0x00000020aca00000)]
  0x000002157e2ee220 JavaThread "Incoming local TCP Connector on port 61957" [_thread_in_native, id=14880, stack(0x00000020acf00000,0x00000020ad000000)]
  0x000002157ed89610 JavaThread "Daemon periodic checks" [_thread_blocked, id=23464, stack(0x00000020ad000000,0x00000020ad100000)]
  0x000002157edaebf0 JavaThread "Daemon" [_thread_blocked, id=9100, stack(0x00000020ad100000,0x00000020ad200000)]
  0x000002157e5e4a40 JavaThread "Handler for socket connection from /127.0.0.1:61957 to /127.0.0.1:61958" [_thread_in_native, id=23304, stack(0x00000020ad200000,0x00000020ad300000)]
  0x000002157e886ba0 JavaThread "Cancel handler" [_thread_blocked, id=14964, stack(0x00000020ad300000,0x00000020ad400000)]
  0x000002157e886690 JavaThread "Daemon worker" [_thread_in_native, id=18188, stack(0x00000020ad400000,0x00000020ad500000)]
  0x000002157e8870b0 JavaThread "Asynchronous log dispatcher for DefaultDaemonConnection: socket connection from /127.0.0.1:61957 to /127.0.0.1:61958" [_thread_blocked, id=15820, stack(0x00000020ad500000,0x00000020ad600000)]
  0x000002157e8875c0 JavaThread "Stdin handler" [_thread_blocked, id=21544, stack(0x00000020ad600000,0x00000020ad700000)]
  0x000002157e888f10 JavaThread "Daemon client event forwarder" [_thread_blocked, id=23384, stack(0x00000020ad700000,0x00000020ad800000)]
  0x000002157e887ad0 JavaThread "Cache worker for journal cache (C:\Users\bitcamp\.gradle\caches\journal-1)" [_thread_blocked, id=20264, stack(0x00000020ad800000,0x00000020ad900000)]
  0x000002157e885760 JavaThread "File lock request listener" [_thread_in_native, id=5512, stack(0x00000020ad900000,0x00000020ada00000)]
  0x000002157e885c70 JavaThread "Cache worker for file hash cache (C:\Users\bitcamp\.gradle\caches\8.8\fileHashes)" [_thread_blocked, id=1720, stack(0x00000020ada00000,0x00000020adb00000)]

Other Threads:
  0x000002157ceabc30 VMThread "VM Thread" [stack: 0x00000020abb00000,0x00000020abc00000] [id=7276]
  0x000002157d185fd0 WatcherThread [stack: 0x00000020ac700000,0x00000020ac800000] [id=8760]
  0x00000215625b0770 GCTaskThread "GC Thread#0" [stack: 0x00000020ab600000,0x00000020ab700000] [id=4960]
  0x000002157e300f10 GCTaskThread "GC Thread#1" [stack: 0x00000020aca00000,0x00000020acb00000] [id=6620]
  0x000002157db65c70 GCTaskThread "GC Thread#2" [stack: 0x00000020acb00000,0x00000020acc00000] [id=11092]
  0x000002157db64eb0 GCTaskThread "GC Thread#3" [stack: 0x00000020acc00000,0x00000020acd00000] [id=15584]
  0x000002157db64930 GCTaskThread "GC Thread#4" [stack: 0x00000020acd00000,0x00000020ace00000] [id=13072]
  0x000002157db64bf0 GCTaskThread "GC Thread#5" [stack: 0x00000020ace00000,0x00000020acf00000] [id=6728]
  0x00000215625b65e0 ConcurrentGCThread "G1 Main Marker" [stack: 0x00000020ab700000,0x00000020ab800000] [id=6372]
  0x00000215625b6f00 ConcurrentGCThread "G1 Conc#0" [stack: 0x00000020ab800000,0x00000020ab900000] [id=13732]
  0x000002156264e7d0 ConcurrentGCThread "G1 Refine#0" [stack: 0x00000020ab900000,0x00000020aba00000] [id=13428]
  0x000002157cd742d0 ConcurrentGCThread "G1 Service" [stack: 0x00000020aba00000,0x00000020abb00000] [id=8916]

Threads with active compile tasks:
C2 CompilerThread0     2201 2300   !   4       java.net.URLClassLoader::findClass (47 bytes)
C2 CompilerThread1     2201 2316       4       java.net.URLClassLoader$1::run (5 bytes)

VM state: not at safepoint (normal execution)

VM Mutex/Monitor currently owned by a thread: None

Heap address: 0x00000000e0000000, size: 512 MB, Compressed Oops mode: 32-bit

CDS archive(s) mapped at: [0x0000021500000000-0x0000021500bd0000-0x0000021500bd0000), size 12386304, SharedBaseAddress: 0x0000021500000000, ArchiveRelocationMode: 1.
Compressed class space mapped at: 0x0000021501000000-0x0000021515000000, reserved size: 335544320
Narrow klass base: 0x0000021500000000, Narrow klass shift: 0, Narrow klass range: 0x100000000

GC Precious Log:
 CPUs: 8 total, 8 available
 Memory: 16222M
 Large Page Support: Disabled
 NUMA Support: Disabled
 Compressed Oops: Enabled (32-bit)
 Heap Region Size: 1M
 Heap Min Capacity: 256M
 Heap Initial Capacity: 256M
 Heap Max Capacity: 512M
 Pre-touch: Disabled
 Parallel Workers: 8
 Concurrent Workers: 2
 Concurrent Refinement Workers: 8
 Periodic GC: Disabled

Heap:
 garbage-first heap   total 262144K, used 120821K [0x00000000e0000000, 0x0000000100000000)
  region size 1024K, 107 young (109568K), 2 survivors (2048K)
 Metaspace       used 18181K, committed 18496K, reserved 393216K
  class space    used 2636K, committed 2752K, reserved 327680K

Heap Regions: E=young(eden), S=young(survivor), O=old, HS=humongous(starts), HC=humongous(continues), CS=collection set, F=free, OA=open archive, CA=closed archive, TAMS=top-at-mark-start (previous, next)
|   0|0x00000000e0000000, 0x00000000e0100000, 0x00000000e0100000|100%|HS|  |TAMS 0x00000000e0000000, 0x00000000e0000000| Complete 
|   1|0x00000000e0100000, 0x00000000e0200000, 0x00000000e0200000|100%|HC|  |TAMS 0x00000000e0100000, 0x00000000e0100000| Complete 
|   2|0x00000000e0200000, 0x00000000e0300000, 0x00000000e0300000|100%|HC|  |TAMS 0x00000000e0200000, 0x00000000e0200000| Complete 
|   3|0x00000000e0300000, 0x00000000e0400000, 0x00000000e0400000|100%|HC|  |TAMS 0x00000000e0300000, 0x00000000e0300000| Complete 
|   4|0x00000000e0400000, 0x00000000e0500000, 0x00000000e0500000|100%| O|  |TAMS 0x00000000e0400000, 0x00000000e0400000| Untracked 
|   5|0x00000000e0500000, 0x00000000e0600000, 0x00000000e0600000|100%| O|  |TAMS 0x00000000e0500000, 0x00000000e0500000| Untracked 
|   6|0x00000000e0600000, 0x00000000e0700000, 0x00000000e0700000|100%| O|  |TAMS 0x00000000e0600000, 0x00000000e0600000| Untracked 
|   7|0x00000000e0700000, 0x00000000e0800000, 0x00000000e0800000|100%| O|  |TAMS 0x00000000e0700000, 0x00000000e0700000| Untracked 
|   8|0x00000000e0800000, 0x00000000e0900000, 0x00000000e0900000|100%| O|  |TAMS 0x00000000e0800000, 0x00000000e0800000| Untracked 
|   9|0x00000000e0900000, 0x00000000e0a00000, 0x00000000e0a00000|100%| O|  |TAMS 0x00000000e0900000, 0x00000000e0900000| Untracked 
|  10|0x00000000e0a00000, 0x00000000e0ac9600, 0x00000000e0b00000| 78%| O|  |TAMS 0x00000000e0a00000, 0x00000000e0a00000| Untracked 
|  11|0x00000000e0b00000, 0x00000000e0c00000, 0x00000000e0c00000|100%|HS|  |TAMS 0x00000000e0b00000, 0x00000000e0b00000| Complete 
|  12|0x00000000e0c00000, 0x00000000e0d00000, 0x00000000e0d00000|100%|HS|  |TAMS 0x00000000e0c00000, 0x00000000e0c00000| Complete 
|  13|0x00000000e0d00000, 0x00000000e0d00000, 0x00000000e0e00000|  0%| F|  |TAMS 0x00000000e0d00000, 0x00000000e0d00000| Untracked 
|  14|0x00000000e0e00000, 0x00000000e0e00000, 0x00000000e0f00000|  0%| F|  |TAMS 0x00000000e0e00000, 0x00000000e0e00000| Untracked 
|  15|0x00000000e0f00000, 0x00000000e0f00000, 0x00000000e1000000|  0%| F|  |TAMS 0x00000000e0f00000, 0x00000000e0f00000| Untracked 
|  16|0x00000000e1000000, 0x00000000e1000000, 0x00000000e1100000|  0%| F|  |TAMS 0x00000000e1000000, 0x00000000e1000000| Untracked 
|  17|0x00000000e1100000, 0x00000000e1100000, 0x00000000e1200000|  0%| F|  |TAMS 0x00000000e1100000, 0x00000000e1100000| Untracked 
|  18|0x00000000e1200000, 0x00000000e1200000, 0x00000000e1300000|  0%| F|  |TAMS 0x00000000e1200000, 0x00000000e1200000| Untracked 
|  19|0x00000000e1300000, 0x00000000e1300000, 0x00000000e1400000|  0%| F|  |TAMS 0x00000000e1300000, 0x00000000e1300000| Untracked 
|  20|0x00000000e1400000, 0x00000000e1400000, 0x00000000e1500000|  0%| F|  |TAMS 0x00000000e1400000, 0x00000000e1400000| Untracked 
|  21|0x00000000e1500000, 0x00000000e1500000, 0x00000000e1600000|  0%| F|  |TAMS 0x00000000e1500000, 0x00000000e1500000| Untracked 
|  22|0x00000000e1600000, 0x00000000e1600000, 0x00000000e1700000|  0%| F|  |TAMS 0x00000000e1600000, 0x00000000e1600000| Untracked 
|  23|0x00000000e1700000, 0x00000000e1700000, 0x00000000e1800000|  0%| F|  |TAMS 0x00000000e1700000, 0x00000000e1700000| Untracked 
|  24|0x00000000e1800000, 0x00000000e1800000, 0x00000000e1900000|  0%| F|  |TAMS 0x00000000e1800000, 0x00000000e1800000| Untracked 
|  25|0x00000000e1900000, 0x00000000e1900000, 0x00000000e1a00000|  0%| F|  |TAMS 0x00000000e1900000, 0x00000000e1900000| Untracked 
|  26|0x00000000e1a00000, 0x00000000e1a00000, 0x00000000e1b00000|  0%| F|  |TAMS 0x00000000e1a00000, 0x00000000e1a00000| Untracked 
|  27|0x00000000e1b00000, 0x00000000e1b00000, 0x00000000e1c00000|  0%| F|  |TAMS 0x00000000e1b00000, 0x00000000e1b00000| Untracked 
|  28|0x00000000e1c00000, 0x00000000e1c00000, 0x00000000e1d00000|  0%| F|  |TAMS 0x00000000e1c00000, 0x00000000e1c00000| Untracked 
|  29|0x00000000e1d00000, 0x00000000e1d00000, 0x00000000e1e00000|  0%| F|  |TAMS 0x00000000e1d00000, 0x00000000e1d00000| Untracked 
|  30|0x00000000e1e00000, 0x00000000e1e00000, 0x00000000e1f00000|  0%| F|  |TAMS 0x00000000e1e00000, 0x00000000e1e00000| Untracked 
|  31|0x00000000e1f00000, 0x00000000e1f00000, 0x00000000e2000000|  0%| F|  |TAMS 0x00000000e1f00000, 0x00000000e1f00000| Untracked 
|  32|0x00000000e2000000, 0x00000000e2000000, 0x00000000e2100000|  0%| F|  |TAMS 0x00000000e2000000, 0x00000000e2000000| Untracked 
|  33|0x00000000e2100000, 0x00000000e2100000, 0x00000000e2200000|  0%| F|  |TAMS 0x00000000e2100000, 0x00000000e2100000| Untracked 
|  34|0x00000000e2200000, 0x00000000e2200000, 0x00000000e2300000|  0%| F|  |TAMS 0x00000000e2200000, 0x00000000e2200000| Untracked 
|  35|0x00000000e2300000, 0x00000000e2300000, 0x00000000e2400000|  0%| F|  |TAMS 0x00000000e2300000, 0x00000000e2300000| Untracked 
|  36|0x00000000e2400000, 0x00000000e2400000, 0x00000000e2500000|  0%| F|  |TAMS 0x00000000e2400000, 0x00000000e2400000| Untracked 
|  37|0x00000000e2500000, 0x00000000e2500000, 0x00000000e2600000|  0%| F|  |TAMS 0x00000000e2500000, 0x00000000e2500000| Untracked 
|  38|0x00000000e2600000, 0x00000000e2600000, 0x00000000e2700000|  0%| F|  |TAMS 0x00000000e2600000, 0x00000000e2600000| Untracked 
|  39|0x00000000e2700000, 0x00000000e2700000, 0x00000000e2800000|  0%| F|  |TAMS 0x00000000e2700000, 0x00000000e2700000| Untracked 
|  40|0x00000000e2800000, 0x00000000e2800000, 0x00000000e2900000|  0%| F|  |TAMS 0x00000000e2800000, 0x00000000e2800000| Untracked 
|  41|0x00000000e2900000, 0x00000000e2900000, 0x00000000e2a00000|  0%| F|  |TAMS 0x00000000e2900000, 0x00000000e2900000| Untracked 
|  42|0x00000000e2a00000, 0x00000000e2a00000, 0x00000000e2b00000|  0%| F|  |TAMS 0x00000000e2a00000, 0x00000000e2a00000| Untracked 
|  43|0x00000000e2b00000, 0x00000000e2b00000, 0x00000000e2c00000|  0%| F|  |TAMS 0x00000000e2b00000, 0x00000000e2b00000| Untracked 
|  44|0x00000000e2c00000, 0x00000000e2c00000, 0x00000000e2d00000|  0%| F|  |TAMS 0x00000000e2c00000, 0x00000000e2c00000| Untracked 
|  45|0x00000000e2d00000, 0x00000000e2d00000, 0x00000000e2e00000|  0%| F|  |TAMS 0x00000000e2d00000, 0x00000000e2d00000| Untracked 
|  46|0x00000000e2e00000, 0x00000000e2e00000, 0x00000000e2f00000|  0%| F|  |TAMS 0x00000000e2e00000, 0x00000000e2e00000| Untracked 
|  47|0x00000000e2f00000, 0x00000000e2f00000, 0x00000000e3000000|  0%| F|  |TAMS 0x00000000e2f00000, 0x00000000e2f00000| Untracked 
|  48|0x00000000e3000000, 0x00000000e3000000, 0x00000000e3100000|  0%| F|  |TAMS 0x00000000e3000000, 0x00000000e3000000| Untracked 
|  49|0x00000000e3100000, 0x00000000e3100000, 0x00000000e3200000|  0%| F|  |TAMS 0x00000000e3100000, 0x00000000e3100000| Untracked 
|  50|0x00000000e3200000, 0x00000000e3200000, 0x00000000e3300000|  0%| F|  |TAMS 0x00000000e3200000, 0x00000000e3200000| Untracked 
|  51|0x00000000e3300000, 0x00000000e3300000, 0x00000000e3400000|  0%| F|  |TAMS 0x00000000e3300000, 0x00000000e3300000| Untracked 
|  52|0x00000000e3400000, 0x00000000e3400000, 0x00000000e3500000|  0%| F|  |TAMS 0x00000000e3400000, 0x00000000e3400000| Untracked 
|  53|0x00000000e3500000, 0x00000000e3500000, 0x00000000e3600000|  0%| F|  |TAMS 0x00000000e3500000, 0x00000000e3500000| Untracked 
|  54|0x00000000e3600000, 0x00000000e3600000, 0x00000000e3700000|  0%| F|  |TAMS 0x00000000e3600000, 0x00000000e3600000| Untracked 
|  55|0x00000000e3700000, 0x00000000e3700000, 0x00000000e3800000|  0%| F|  |TAMS 0x00000000e3700000, 0x00000000e3700000| Untracked 
|  56|0x00000000e3800000, 0x00000000e3800000, 0x00000000e3900000|  0%| F|  |TAMS 0x00000000e3800000, 0x00000000e3800000| Untracked 
|  57|0x00000000e3900000, 0x00000000e3900000, 0x00000000e3a00000|  0%| F|  |TAMS 0x00000000e3900000, 0x00000000e3900000| Untracked 
|  58|0x00000000e3a00000, 0x00000000e3a00000, 0x00000000e3b00000|  0%| F|  |TAMS 0x00000000e3a00000, 0x00000000e3a00000| Untracked 
|  59|0x00000000e3b00000, 0x00000000e3b00000, 0x00000000e3c00000|  0%| F|  |TAMS 0x00000000e3b00000, 0x00000000e3b00000| Untracked 
|  60|0x00000000e3c00000, 0x00000000e3c00000, 0x00000000e3d00000|  0%| F|  |TAMS 0x00000000e3c00000, 0x00000000e3c00000| Untracked 
|  61|0x00000000e3d00000, 0x00000000e3d00000, 0x00000000e3e00000|  0%| F|  |TAMS 0x00000000e3d00000, 0x00000000e3d00000| Untracked 
|  62|0x00000000e3e00000, 0x00000000e3e00000, 0x00000000e3f00000|  0%| F|  |TAMS 0x00000000e3e00000, 0x00000000e3e00000| Untracked 
|  63|0x00000000e3f00000, 0x00000000e3f00000, 0x00000000e4000000|  0%| F|  |TAMS 0x00000000e3f00000, 0x00000000e3f00000| Untracked 
|  64|0x00000000e4000000, 0x00000000e4000000, 0x00000000e4100000|  0%| F|  |TAMS 0x00000000e4000000, 0x00000000e4000000| Untracked 
|  65|0x00000000e4100000, 0x00000000e4100000, 0x00000000e4200000|  0%| F|  |TAMS 0x00000000e4100000, 0x00000000e4100000| Untracked 
|  66|0x00000000e4200000, 0x00000000e4200000, 0x00000000e4300000|  0%| F|  |TAMS 0x00000000e4200000, 0x00000000e4200000| Untracked 
|  67|0x00000000e4300000, 0x00000000e4300000, 0x00000000e4400000|  0%| F|  |TAMS 0x00000000e4300000, 0x00000000e4300000| Untracked 
|  68|0x00000000e4400000, 0x00000000e4400000, 0x00000000e4500000|  0%| F|  |TAMS 0x00000000e4400000, 0x00000000e4400000| Untracked 
|  69|0x00000000e4500000, 0x00000000e4500000, 0x00000000e4600000|  0%| F|  |TAMS 0x00000000e4500000, 0x00000000e4500000| Untracked 
|  70|0x00000000e4600000, 0x00000000e4600000, 0x00000000e4700000|  0%| F|  |TAMS 0x00000000e4600000, 0x00000000e4600000| Untracked 
|  71|0x00000000e4700000, 0x00000000e4700000, 0x00000000e4800000|  0%| F|  |TAMS 0x00000000e4700000, 0x00000000e4700000| Untracked 
|  72|0x00000000e4800000, 0x00000000e4800000, 0x00000000e4900000|  0%| F|  |TAMS 0x00000000e4800000, 0x00000000e4800000| Untracked 
|  73|0x00000000e4900000, 0x00000000e4900000, 0x00000000e4a00000|  0%| F|  |TAMS 0x00000000e4900000, 0x00000000e4900000| Untracked 
|  74|0x00000000e4a00000, 0x00000000e4a00000, 0x00000000e4b00000|  0%| F|  |TAMS 0x00000000e4a00000, 0x00000000e4a00000| Untracked 
|  75|0x00000000e4b00000, 0x00000000e4b00000, 0x00000000e4c00000|  0%| F|  |TAMS 0x00000000e4b00000, 0x00000000e4b00000| Untracked 
|  76|0x00000000e4c00000, 0x00000000e4c00000, 0x00000000e4d00000|  0%| F|  |TAMS 0x00000000e4c00000, 0x00000000e4c00000| Untracked 
|  77|0x00000000e4d00000, 0x00000000e4d00000, 0x00000000e4e00000|  0%| F|  |TAMS 0x00000000e4d00000, 0x00000000e4d00000| Untracked 
|  78|0x00000000e4e00000, 0x00000000e4e00000, 0x00000000e4f00000|  0%| F|  |TAMS 0x00000000e4e00000, 0x00000000e4e00000| Untracked 
|  79|0x00000000e4f00000, 0x00000000e4f00000, 0x00000000e5000000|  0%| F|  |TAMS 0x00000000e4f00000, 0x00000000e4f00000| Untracked 
|  80|0x00000000e5000000, 0x00000000e5000000, 0x00000000e5100000|  0%| F|  |TAMS 0x00000000e5000000, 0x00000000e5000000| Untracked 
|  81|0x00000000e5100000, 0x00000000e5100000, 0x00000000e5200000|  0%| F|  |TAMS 0x00000000e5100000, 0x00000000e5100000| Untracked 
|  82|0x00000000e5200000, 0x00000000e5200000, 0x00000000e5300000|  0%| F|  |TAMS 0x00000000e5200000, 0x00000000e5200000| Untracked 
|  83|0x00000000e5300000, 0x00000000e5300000, 0x00000000e5400000|  0%| F|  |TAMS 0x00000000e5300000, 0x00000000e5300000| Untracked 
|  84|0x00000000e5400000, 0x00000000e5400000, 0x00000000e5500000|  0%| F|  |TAMS 0x00000000e5400000, 0x00000000e5400000| Untracked 
|  85|0x00000000e5500000, 0x00000000e5500000, 0x00000000e5600000|  0%| F|  |TAMS 0x00000000e5500000, 0x00000000e5500000| Untracked 
|  86|0x00000000e5600000, 0x00000000e5600000, 0x00000000e5700000|  0%| F|  |TAMS 0x00000000e5600000, 0x00000000e5600000| Untracked 
|  87|0x00000000e5700000, 0x00000000e5700000, 0x00000000e5800000|  0%| F|  |TAMS 0x00000000e5700000, 0x00000000e5700000| Untracked 
|  88|0x00000000e5800000, 0x00000000e5800000, 0x00000000e5900000|  0%| F|  |TAMS 0x00000000e5800000, 0x00000000e5800000| Untracked 
|  89|0x00000000e5900000, 0x00000000e5900000, 0x00000000e5a00000|  0%| F|  |TAMS 0x00000000e5900000, 0x00000000e5900000| Untracked 
|  90|0x00000000e5a00000, 0x00000000e5a00000, 0x00000000e5b00000|  0%| F|  |TAMS 0x00000000e5a00000, 0x00000000e5a00000| Untracked 
|  91|0x00000000e5b00000, 0x00000000e5b00000, 0x00000000e5c00000|  0%| F|  |TAMS 0x00000000e5b00000, 0x00000000e5b00000| Untracked 
|  92|0x00000000e5c00000, 0x00000000e5c00000, 0x00000000e5d00000|  0%| F|  |TAMS 0x00000000e5c00000, 0x00000000e5c00000| Untracked 
|  93|0x00000000e5d00000, 0x00000000e5d00000, 0x00000000e5e00000|  0%| F|  |TAMS 0x00000000e5d00000, 0x00000000e5d00000| Untracked 
|  94|0x00000000e5e00000, 0x00000000e5e00000, 0x00000000e5f00000|  0%| F|  |TAMS 0x00000000e5e00000, 0x00000000e5e00000| Untracked 
|  95|0x00000000e5f00000, 0x00000000e5f00000, 0x00000000e6000000|  0%| F|  |TAMS 0x00000000e5f00000, 0x00000000e5f00000| Untracked 
|  96|0x00000000e6000000, 0x00000000e6000000, 0x00000000e6100000|  0%| F|  |TAMS 0x00000000e6000000, 0x00000000e6000000| Untracked 
|  97|0x00000000e6100000, 0x00000000e6100000, 0x00000000e6200000|  0%| F|  |TAMS 0x00000000e6100000, 0x00000000e6100000| Untracked 
|  98|0x00000000e6200000, 0x00000000e6200000, 0x00000000e6300000|  0%| F|  |TAMS 0x00000000e6200000, 0x00000000e6200000| Untracked 
|  99|0x00000000e6300000, 0x00000000e6300000, 0x00000000e6400000|  0%| F|  |TAMS 0x00000000e6300000, 0x00000000e6300000| Untracked 
| 100|0x00000000e6400000, 0x00000000e6400000, 0x00000000e6500000|  0%| F|  |TAMS 0x00000000e6400000, 0x00000000e6400000| Untracked 
| 101|0x00000000e6500000, 0x00000000e6500000, 0x00000000e6600000|  0%| F|  |TAMS 0x00000000e6500000, 0x00000000e6500000| Untracked 
| 102|0x00000000e6600000, 0x00000000e6600000, 0x00000000e6700000|  0%| F|  |TAMS 0x00000000e6600000, 0x00000000e6600000| Untracked 
| 103|0x00000000e6700000, 0x00000000e6700000, 0x00000000e6800000|  0%| F|  |TAMS 0x00000000e6700000, 0x00000000e6700000| Untracked 
| 104|0x00000000e6800000, 0x00000000e6800000, 0x00000000e6900000|  0%| F|  |TAMS 0x00000000e6800000, 0x00000000e6800000| Untracked 
| 105|0x00000000e6900000, 0x00000000e6900000, 0x00000000e6a00000|  0%| F|  |TAMS 0x00000000e6900000, 0x00000000e6900000| Untracked 
| 106|0x00000000e6a00000, 0x00000000e6a00000, 0x00000000e6b00000|  0%| F|  |TAMS 0x00000000e6a00000, 0x00000000e6a00000| Untracked 
| 107|0x00000000e6b00000, 0x00000000e6b00000, 0x00000000e6c00000|  0%| F|  |TAMS 0x00000000e6b00000, 0x00000000e6b00000| Untracked 
| 108|0x00000000e6c00000, 0x00000000e6c00000, 0x00000000e6d00000|  0%| F|  |TAMS 0x00000000e6c00000, 0x00000000e6c00000| Untracked 
| 109|0x00000000e6d00000, 0x00000000e6d00000, 0x00000000e6e00000|  0%| F|  |TAMS 0x00000000e6d00000, 0x00000000e6d00000| Untracked 
| 110|0x00000000e6e00000, 0x00000000e6e00000, 0x00000000e6f00000|  0%| F|  |TAMS 0x00000000e6e00000, 0x00000000e6e00000| Untracked 
| 111|0x00000000e6f00000, 0x00000000e6f00000, 0x00000000e7000000|  0%| F|  |TAMS 0x00000000e6f00000, 0x00000000e6f00000| Untracked 
| 112|0x00000000e7000000, 0x00000000e7000000, 0x00000000e7100000|  0%| F|  |TAMS 0x00000000e7000000, 0x00000000e7000000| Untracked 
| 113|0x00000000e7100000, 0x00000000e7100000, 0x00000000e7200000|  0%| F|  |TAMS 0x00000000e7100000, 0x00000000e7100000| Untracked 
| 114|0x00000000e7200000, 0x00000000e7200000, 0x00000000e7300000|  0%| F|  |TAMS 0x00000000e7200000, 0x00000000e7200000| Untracked 
| 115|0x00000000e7300000, 0x00000000e7300000, 0x00000000e7400000|  0%| F|  |TAMS 0x00000000e7300000, 0x00000000e7300000| Untracked 
| 116|0x00000000e7400000, 0x00000000e7400000, 0x00000000e7500000|  0%| F|  |TAMS 0x00000000e7400000, 0x00000000e7400000| Untracked 
| 117|0x00000000e7500000, 0x00000000e7500000, 0x00000000e7600000|  0%| F|  |TAMS 0x00000000e7500000, 0x00000000e7500000| Untracked 
| 118|0x00000000e7600000, 0x00000000e7600000, 0x00000000e7700000|  0%| F|  |TAMS 0x00000000e7600000, 0x00000000e7600000| Untracked 
| 119|0x00000000e7700000, 0x00000000e7700000, 0x00000000e7800000|  0%| F|  |TAMS 0x00000000e7700000, 0x00000000e7700000| Untracked 
| 120|0x00000000e7800000, 0x00000000e7800000, 0x00000000e7900000|  0%| F|  |TAMS 0x00000000e7800000, 0x00000000e7800000| Untracked 
| 121|0x00000000e7900000, 0x00000000e7900000, 0x00000000e7a00000|  0%| F|  |TAMS 0x00000000e7900000, 0x00000000e7900000| Untracked 
| 122|0x00000000e7a00000, 0x00000000e7a00000, 0x00000000e7b00000|  0%| F|  |TAMS 0x00000000e7a00000, 0x00000000e7a00000| Untracked 
| 123|0x00000000e7b00000, 0x00000000e7b00000, 0x00000000e7c00000|  0%| F|  |TAMS 0x00000000e7b00000, 0x00000000e7b00000| Untracked 
| 124|0x00000000e7c00000, 0x00000000e7c00000, 0x00000000e7d00000|  0%| F|  |TAMS 0x00000000e7c00000, 0x00000000e7c00000| Untracked 
| 125|0x00000000e7d00000, 0x00000000e7d00000, 0x00000000e7e00000|  0%| F|  |TAMS 0x00000000e7d00000, 0x00000000e7d00000| Untracked 
| 126|0x00000000e7e00000, 0x00000000e7e00000, 0x00000000e7f00000|  0%| F|  |TAMS 0x00000000e7e00000, 0x00000000e7e00000| Untracked 
| 127|0x00000000e7f00000, 0x00000000e7f00000, 0x00000000e8000000|  0%| F|  |TAMS 0x00000000e7f00000, 0x00000000e7f00000| Untracked 
| 128|0x00000000e8000000, 0x00000000e8000000, 0x00000000e8100000|  0%| F|  |TAMS 0x00000000e8000000, 0x00000000e8000000| Untracked 
| 129|0x00000000e8100000, 0x00000000e8100000, 0x00000000e8200000|  0%| F|  |TAMS 0x00000000e8100000, 0x00000000e8100000| Untracked 
| 130|0x00000000e8200000, 0x00000000e8200000, 0x00000000e8300000|  0%| F|  |TAMS 0x00000000e8200000, 0x00000000e8200000| Untracked 
| 131|0x00000000e8300000, 0x00000000e8300000, 0x00000000e8400000|  0%| F|  |TAMS 0x00000000e8300000, 0x00000000e8300000| Untracked 
| 132|0x00000000e8400000, 0x00000000e8400000, 0x00000000e8500000|  0%| F|  |TAMS 0x00000000e8400000, 0x00000000e8400000| Untracked 
| 133|0x00000000e8500000, 0x00000000e8500000, 0x00000000e8600000|  0%| F|  |TAMS 0x00000000e8500000, 0x00000000e8500000| Untracked 
| 134|0x00000000e8600000, 0x00000000e8600000, 0x00000000e8700000|  0%| F|  |TAMS 0x00000000e8600000, 0x00000000e8600000| Untracked 
| 135|0x00000000e8700000, 0x00000000e8700000, 0x00000000e8800000|  0%| F|  |TAMS 0x00000000e8700000, 0x00000000e8700000| Untracked 
| 136|0x00000000e8800000, 0x00000000e8800000, 0x00000000e8900000|  0%| F|  |TAMS 0x00000000e8800000, 0x00000000e8800000| Untracked 
| 137|0x00000000e8900000, 0x00000000e8900000, 0x00000000e8a00000|  0%| F|  |TAMS 0x00000000e8900000, 0x00000000e8900000| Untracked 
| 138|0x00000000e8a00000, 0x00000000e8a00000, 0x00000000e8b00000|  0%| F|  |TAMS 0x00000000e8a00000, 0x00000000e8a00000| Untracked 
| 139|0x00000000e8b00000, 0x00000000e8b00000, 0x00000000e8c00000|  0%| F|  |TAMS 0x00000000e8b00000, 0x00000000e8b00000| Untracked 
| 140|0x00000000e8c00000, 0x00000000e8c00000, 0x00000000e8d00000|  0%| F|  |TAMS 0x00000000e8c00000, 0x00000000e8c00000| Untracked 
| 141|0x00000000e8d00000, 0x00000000e8d00000, 0x00000000e8e00000|  0%| F|  |TAMS 0x00000000e8d00000, 0x00000000e8d00000| Untracked 
| 142|0x00000000e8e00000, 0x00000000e8e00000, 0x00000000e8f00000|  0%| F|  |TAMS 0x00000000e8e00000, 0x00000000e8e00000| Untracked 
| 143|0x00000000e8f00000, 0x00000000e8f00000, 0x00000000e9000000|  0%| F|  |TAMS 0x00000000e8f00000, 0x00000000e8f00000| Untracked 
| 144|0x00000000e9000000, 0x00000000e9000000, 0x00000000e9100000|  0%| F|  |TAMS 0x00000000e9000000, 0x00000000e9000000| Untracked 
| 145|0x00000000e9100000, 0x00000000e9100000, 0x00000000e9200000|  0%| F|  |TAMS 0x00000000e9100000, 0x00000000e9100000| Untracked 
| 146|0x00000000e9200000, 0x00000000e9200000, 0x00000000e9300000|  0%| F|  |TAMS 0x00000000e9200000, 0x00000000e9200000| Untracked 
| 147|0x00000000e9300000, 0x00000000e9300000, 0x00000000e9400000|  0%| F|  |TAMS 0x00000000e9300000, 0x00000000e9300000| Untracked 
| 148|0x00000000e9400000, 0x00000000e9400000, 0x00000000e9500000|  0%| F|  |TAMS 0x00000000e9400000, 0x00000000e9400000| Untracked 
| 149|0x00000000e9500000, 0x00000000e9600000, 0x00000000e9600000|100%| E|  |TAMS 0x00000000e9500000, 0x00000000e9500000| Complete 
| 150|0x00000000e9600000, 0x00000000e9700000, 0x00000000e9700000|100%| E|CS|TAMS 0x00000000e9600000, 0x00000000e9600000| Complete 
| 151|0x00000000e9700000, 0x00000000e9800000, 0x00000000e9800000|100%| E|CS|TAMS 0x00000000e9700000, 0x00000000e9700000| Complete 
| 152|0x00000000e9800000, 0x00000000e9900000, 0x00000000e9900000|100%| E|CS|TAMS 0x00000000e9800000, 0x00000000e9800000| Complete 
| 153|0x00000000e9900000, 0x00000000e9a00000, 0x00000000e9a00000|100%| E|CS|TAMS 0x00000000e9900000, 0x00000000e9900000| Complete 
| 154|0x00000000e9a00000, 0x00000000e9b00000, 0x00000000e9b00000|100%| E|CS|TAMS 0x00000000e9a00000, 0x00000000e9a00000| Complete 
| 155|0x00000000e9b00000, 0x00000000e9c00000, 0x00000000e9c00000|100%| E|CS|TAMS 0x00000000e9b00000, 0x00000000e9b00000| Complete 
| 156|0x00000000e9c00000, 0x00000000e9d00000, 0x00000000e9d00000|100%| E|CS|TAMS 0x00000000e9c00000, 0x00000000e9c00000| Complete 
| 157|0x00000000e9d00000, 0x00000000e9e00000, 0x00000000e9e00000|100%| E|CS|TAMS 0x00000000e9d00000, 0x00000000e9d00000| Complete 
| 158|0x00000000e9e00000, 0x00000000e9f00000, 0x00000000e9f00000|100%| E|CS|TAMS 0x00000000e9e00000, 0x00000000e9e00000| Complete 
| 159|0x00000000e9f00000, 0x00000000ea000000, 0x00000000ea000000|100%| E|CS|TAMS 0x00000000e9f00000, 0x00000000e9f00000| Complete 
| 160|0x00000000ea000000, 0x00000000ea100000, 0x00000000ea100000|100%| E|CS|TAMS 0x00000000ea000000, 0x00000000ea000000| Complete 
| 161|0x00000000ea100000, 0x00000000ea200000, 0x00000000ea200000|100%| E|CS|TAMS 0x00000000ea100000, 0x00000000ea100000| Complete 
| 162|0x00000000ea200000, 0x00000000ea300000, 0x00000000ea300000|100%| E|CS|TAMS 0x00000000ea200000, 0x00000000ea200000| Complete 
| 163|0x00000000ea300000, 0x00000000ea400000, 0x00000000ea400000|100%| E|CS|TAMS 0x00000000ea300000, 0x00000000ea300000| Complete 
| 164|0x00000000ea400000, 0x00000000ea500000, 0x00000000ea500000|100%| E|CS|TAMS 0x00000000ea400000, 0x00000000ea400000| Complete 
| 165|0x00000000ea500000, 0x00000000ea600000, 0x00000000ea600000|100%| E|CS|TAMS 0x00000000ea500000, 0x00000000ea500000| Complete 
| 166|0x00000000ea600000, 0x00000000ea700000, 0x00000000ea700000|100%| E|CS|TAMS 0x00000000ea600000, 0x00000000ea600000| Complete 
| 167|0x00000000ea700000, 0x00000000ea800000, 0x00000000ea800000|100%| E|CS|TAMS 0x00000000ea700000, 0x00000000ea700000| Complete 
| 168|0x00000000ea800000, 0x00000000ea900000, 0x00000000ea900000|100%| E|CS|TAMS 0x00000000ea800000, 0x00000000ea800000| Complete 
| 169|0x00000000ea900000, 0x00000000eaa00000, 0x00000000eaa00000|100%| E|CS|TAMS 0x00000000ea900000, 0x00000000ea900000| Complete 
| 170|0x00000000eaa00000, 0x00000000eab00000, 0x00000000eab00000|100%| E|CS|TAMS 0x00000000eaa00000, 0x00000000eaa00000| Complete 
| 171|0x00000000eab00000, 0x00000000eac00000, 0x00000000eac00000|100%| E|CS|TAMS 0x00000000eab00000, 0x00000000eab00000| Complete 
| 172|0x00000000eac00000, 0x00000000ead00000, 0x00000000ead00000|100%| E|CS|TAMS 0x00000000eac00000, 0x00000000eac00000| Complete 
| 173|0x00000000ead00000, 0x00000000eae00000, 0x00000000eae00000|100%| E|CS|TAMS 0x00000000ead00000, 0x00000000ead00000| Complete 
| 174|0x00000000eae00000, 0x00000000eaf00000, 0x00000000eaf00000|100%| E|CS|TAMS 0x00000000eae00000, 0x00000000eae00000| Complete 
| 175|0x00000000eaf00000, 0x00000000eb000000, 0x00000000eb000000|100%| E|CS|TAMS 0x00000000eaf00000, 0x00000000eaf00000| Complete 
| 176|0x00000000eb000000, 0x00000000eb100000, 0x00000000eb100000|100%| E|CS|TAMS 0x00000000eb000000, 0x00000000eb000000| Complete 
| 177|0x00000000eb100000, 0x00000000eb200000, 0x00000000eb200000|100%| E|CS|TAMS 0x00000000eb100000, 0x00000000eb100000| Complete 
| 178|0x00000000eb200000, 0x00000000eb300000, 0x00000000eb300000|100%| E|CS|TAMS 0x00000000eb200000, 0x00000000eb200000| Complete 
| 179|0x00000000eb300000, 0x00000000eb400000, 0x00000000eb400000|100%| E|CS|TAMS 0x00000000eb300000, 0x00000000eb300000| Complete 
| 180|0x00000000eb400000, 0x00000000eb500000, 0x00000000eb500000|100%| E|CS|TAMS 0x00000000eb400000, 0x00000000eb400000| Complete 
| 181|0x00000000eb500000, 0x00000000eb600000, 0x00000000eb600000|100%| E|CS|TAMS 0x00000000eb500000, 0x00000000eb500000| Complete 
| 182|0x00000000eb600000, 0x00000000eb700000, 0x00000000eb700000|100%| E|CS|TAMS 0x00000000eb600000, 0x00000000eb600000| Complete 
| 183|0x00000000eb700000, 0x00000000eb800000, 0x00000000eb800000|100%| E|CS|TAMS 0x00000000eb700000, 0x00000000eb700000| Complete 
| 184|0x00000000eb800000, 0x00000000eb900000, 0x00000000eb900000|100%| E|CS|TAMS 0x00000000eb800000, 0x00000000eb800000| Complete 
| 185|0x00000000eb900000, 0x00000000eba00000, 0x00000000eba00000|100%| E|CS|TAMS 0x00000000eb900000, 0x00000000eb900000| Complete 
| 186|0x00000000eba00000, 0x00000000ebb00000, 0x00000000ebb00000|100%| E|CS|TAMS 0x00000000eba00000, 0x00000000eba00000| Complete 
| 187|0x00000000ebb00000, 0x00000000ebc00000, 0x00000000ebc00000|100%| E|CS|TAMS 0x00000000ebb00000, 0x00000000ebb00000| Complete 
| 188|0x00000000ebc00000, 0x00000000ebd00000, 0x00000000ebd00000|100%| E|CS|TAMS 0x00000000ebc00000, 0x00000000ebc00000| Complete 
| 189|0x00000000ebd00000, 0x00000000ebe00000, 0x00000000ebe00000|100%| E|CS|TAMS 0x00000000ebd00000, 0x00000000ebd00000| Complete 
| 190|0x00000000ebe00000, 0x00000000ebf00000, 0x00000000ebf00000|100%| E|CS|TAMS 0x00000000ebe00000, 0x00000000ebe00000| Complete 
| 191|0x00000000ebf00000, 0x00000000ec000000, 0x00000000ec000000|100%| E|CS|TAMS 0x00000000ebf00000, 0x00000000ebf00000| Complete 
| 192|0x00000000ec000000, 0x00000000ec100000, 0x00000000ec100000|100%| E|CS|TAMS 0x00000000ec000000, 0x00000000ec000000| Complete 
| 193|0x00000000ec100000, 0x00000000ec200000, 0x00000000ec200000|100%| E|CS|TAMS 0x00000000ec100000, 0x00000000ec100000| Complete 
| 194|0x00000000ec200000, 0x00000000ec300000, 0x00000000ec300000|100%| E|CS|TAMS 0x00000000ec200000, 0x00000000ec200000| Complete 
| 195|0x00000000ec300000, 0x00000000ec400000, 0x00000000ec400000|100%| E|CS|TAMS 0x00000000ec300000, 0x00000000ec300000| Complete 
| 196|0x00000000ec400000, 0x00000000ec500000, 0x00000000ec500000|100%| E|CS|TAMS 0x00000000ec400000, 0x00000000ec400000| Complete 
| 197|0x00000000ec500000, 0x00000000ec600000, 0x00000000ec600000|100%| E|CS|TAMS 0x00000000ec500000, 0x00000000ec500000| Complete 
| 198|0x00000000ec600000, 0x00000000ec700000, 0x00000000ec700000|100%| E|CS|TAMS 0x00000000ec600000, 0x00000000ec600000| Complete 
| 199|0x00000000ec700000, 0x00000000ec800000, 0x00000000ec800000|100%| E|CS|TAMS 0x00000000ec700000, 0x00000000ec700000| Complete 
| 200|0x00000000ec800000, 0x00000000ec900000, 0x00000000ec900000|100%| E|CS|TAMS 0x00000000ec800000, 0x00000000ec800000| Complete 
| 201|0x00000000ec900000, 0x00000000eca00000, 0x00000000eca00000|100%| E|CS|TAMS 0x00000000ec900000, 0x00000000ec900000| Complete 
| 202|0x00000000eca00000, 0x00000000ecb00000, 0x00000000ecb00000|100%| E|CS|TAMS 0x00000000eca00000, 0x00000000eca00000| Complete 
| 203|0x00000000ecb00000, 0x00000000ecc00000, 0x00000000ecc00000|100%| E|CS|TAMS 0x00000000ecb00000, 0x00000000ecb00000| Complete 
| 204|0x00000000ecc00000, 0x00000000ecd00000, 0x00000000ecd00000|100%| E|CS|TAMS 0x00000000ecc00000, 0x00000000ecc00000| Complete 
| 205|0x00000000ecd00000, 0x00000000ece00000, 0x00000000ece00000|100%| E|CS|TAMS 0x00000000ecd00000, 0x00000000ecd00000| Complete 
| 206|0x00000000ece00000, 0x00000000ecf00000, 0x00000000ecf00000|100%| E|CS|TAMS 0x00000000ece00000, 0x00000000ece00000| Complete 
| 207|0x00000000ecf00000, 0x00000000ed000000, 0x00000000ed000000|100%| E|CS|TAMS 0x00000000ecf00000, 0x00000000ecf00000| Complete 
| 208|0x00000000ed000000, 0x00000000ed100000, 0x00000000ed100000|100%| E|CS|TAMS 0x00000000ed000000, 0x00000000ed000000| Complete 
| 209|0x00000000ed100000, 0x00000000ed200000, 0x00000000ed200000|100%| E|CS|TAMS 0x00000000ed100000, 0x00000000ed100000| Complete 
| 210|0x00000000ed200000, 0x00000000ed300000, 0x00000000ed300000|100%| E|CS|TAMS 0x00000000ed200000, 0x00000000ed200000| Complete 
| 211|0x00000000ed300000, 0x00000000ed400000, 0x00000000ed400000|100%| E|CS|TAMS 0x00000000ed300000, 0x00000000ed300000| Complete 
| 212|0x00000000ed400000, 0x00000000ed500000, 0x00000000ed500000|100%| E|CS|TAMS 0x00000000ed400000, 0x00000000ed400000| Complete 
| 213|0x00000000ed500000, 0x00000000ed600000, 0x00000000ed600000|100%| E|CS|TAMS 0x00000000ed500000, 0x00000000ed500000| Complete 
| 214|0x00000000ed600000, 0x00000000ed700000, 0x00000000ed700000|100%| E|CS|TAMS 0x00000000ed600000, 0x00000000ed600000| Complete 
| 215|0x00000000ed700000, 0x00000000ed800000, 0x00000000ed800000|100%| E|CS|TAMS 0x00000000ed700000, 0x00000000ed700000| Complete 
| 216|0x00000000ed800000, 0x00000000ed900000, 0x00000000ed900000|100%| E|CS|TAMS 0x00000000ed800000, 0x00000000ed800000| Complete 
| 217|0x00000000ed900000, 0x00000000eda00000, 0x00000000eda00000|100%| E|CS|TAMS 0x00000000ed900000, 0x00000000ed900000| Complete 
| 218|0x00000000eda00000, 0x00000000edb00000, 0x00000000edb00000|100%| E|CS|TAMS 0x00000000eda00000, 0x00000000eda00000| Complete 
| 219|0x00000000edb00000, 0x00000000edc00000, 0x00000000edc00000|100%| E|CS|TAMS 0x00000000edb00000, 0x00000000edb00000| Complete 
| 220|0x00000000edc00000, 0x00000000edd00000, 0x00000000edd00000|100%| E|CS|TAMS 0x00000000edc00000, 0x00000000edc00000| Complete 
| 221|0x00000000edd00000, 0x00000000ede00000, 0x00000000ede00000|100%| E|CS|TAMS 0x00000000edd00000, 0x00000000edd00000| Complete 
| 222|0x00000000ede00000, 0x00000000edf00000, 0x00000000edf00000|100%| E|CS|TAMS 0x00000000ede00000, 0x00000000ede00000| Complete 
| 223|0x00000000edf00000, 0x00000000ee000000, 0x00000000ee000000|100%| E|CS|TAMS 0x00000000edf00000, 0x00000000edf00000| Complete 
| 224|0x00000000ee000000, 0x00000000ee0341b0, 0x00000000ee100000| 20%| S|CS|TAMS 0x00000000ee000000, 0x00000000ee000000| Complete 
| 225|0x00000000ee100000, 0x00000000ee200000, 0x00000000ee200000|100%| S|CS|TAMS 0x00000000ee100000, 0x00000000ee100000| Complete 
| 226|0x00000000ee200000, 0x00000000ee300000, 0x00000000ee300000|100%| E|CS|TAMS 0x00000000ee200000, 0x00000000ee200000| Complete 
| 227|0x00000000ee300000, 0x00000000ee400000, 0x00000000ee400000|100%| E|CS|TAMS 0x00000000ee300000, 0x00000000ee300000| Complete 
| 228|0x00000000ee400000, 0x00000000ee500000, 0x00000000ee500000|100%| E|CS|TAMS 0x00000000ee400000, 0x00000000ee400000| Complete 
| 229|0x00000000ee500000, 0x00000000ee600000, 0x00000000ee600000|100%| E|CS|TAMS 0x00000000ee500000, 0x00000000ee500000| Complete 
| 230|0x00000000ee600000, 0x00000000ee700000, 0x00000000ee700000|100%| E|CS|TAMS 0x00000000ee600000, 0x00000000ee600000| Complete 
| 231|0x00000000ee700000, 0x00000000ee800000, 0x00000000ee800000|100%| E|CS|TAMS 0x00000000ee700000, 0x00000000ee700000| Complete 
| 232|0x00000000ee800000, 0x00000000ee900000, 0x00000000ee900000|100%| E|CS|TAMS 0x00000000ee800000, 0x00000000ee800000| Complete 
| 233|0x00000000ee900000, 0x00000000eea00000, 0x00000000eea00000|100%| E|CS|TAMS 0x00000000ee900000, 0x00000000ee900000| Complete 
| 234|0x00000000eea00000, 0x00000000eeb00000, 0x00000000eeb00000|100%| E|CS|TAMS 0x00000000eea00000, 0x00000000eea00000| Complete 
| 235|0x00000000eeb00000, 0x00000000eec00000, 0x00000000eec00000|100%| E|CS|TAMS 0x00000000eeb00000, 0x00000000eeb00000| Complete 
| 236|0x00000000eec00000, 0x00000000eed00000, 0x00000000eed00000|100%| E|CS|TAMS 0x00000000eec00000, 0x00000000eec00000| Complete 
| 237|0x00000000eed00000, 0x00000000eee00000, 0x00000000eee00000|100%| E|CS|TAMS 0x00000000eed00000, 0x00000000eed00000| Complete 
| 238|0x00000000eee00000, 0x00000000eef00000, 0x00000000eef00000|100%| E|CS|TAMS 0x00000000eee00000, 0x00000000eee00000| Complete 
| 239|0x00000000eef00000, 0x00000000ef000000, 0x00000000ef000000|100%| E|CS|TAMS 0x00000000eef00000, 0x00000000eef00000| Complete 
| 240|0x00000000ef000000, 0x00000000ef100000, 0x00000000ef100000|100%| E|CS|TAMS 0x00000000ef000000, 0x00000000ef000000| Complete 
| 241|0x00000000ef100000, 0x00000000ef200000, 0x00000000ef200000|100%| E|CS|TAMS 0x00000000ef100000, 0x00000000ef100000| Complete 
| 242|0x00000000ef200000, 0x00000000ef300000, 0x00000000ef300000|100%| E|CS|TAMS 0x00000000ef200000, 0x00000000ef200000| Complete 
| 243|0x00000000ef300000, 0x00000000ef400000, 0x00000000ef400000|100%| E|CS|TAMS 0x00000000ef300000, 0x00000000ef300000| Complete 
| 244|0x00000000ef400000, 0x00000000ef500000, 0x00000000ef500000|100%| E|CS|TAMS 0x00000000ef400000, 0x00000000ef400000| Complete 
| 245|0x00000000ef500000, 0x00000000ef600000, 0x00000000ef600000|100%| E|CS|TAMS 0x00000000ef500000, 0x00000000ef500000| Complete 
| 246|0x00000000ef600000, 0x00000000ef700000, 0x00000000ef700000|100%| E|CS|TAMS 0x00000000ef600000, 0x00000000ef600000| Complete 
| 247|0x00000000ef700000, 0x00000000ef800000, 0x00000000ef800000|100%| E|CS|TAMS 0x00000000ef700000, 0x00000000ef700000| Complete 
| 248|0x00000000ef800000, 0x00000000ef900000, 0x00000000ef900000|100%| E|CS|TAMS 0x00000000ef800000, 0x00000000ef800000| Complete 
| 249|0x00000000ef900000, 0x00000000efa00000, 0x00000000efa00000|100%| E|CS|TAMS 0x00000000ef900000, 0x00000000ef900000| Complete 
| 250|0x00000000efa00000, 0x00000000efb00000, 0x00000000efb00000|100%| E|CS|TAMS 0x00000000efa00000, 0x00000000efa00000| Complete 
| 251|0x00000000efb00000, 0x00000000efc00000, 0x00000000efc00000|100%| E|CS|TAMS 0x00000000efb00000, 0x00000000efb00000| Complete 
| 252|0x00000000efc00000, 0x00000000efd00000, 0x00000000efd00000|100%| E|CS|TAMS 0x00000000efc00000, 0x00000000efc00000| Complete 
| 253|0x00000000efd00000, 0x00000000efe00000, 0x00000000efe00000|100%| E|CS|TAMS 0x00000000efd00000, 0x00000000efd00000| Complete 
| 254|0x00000000efe00000, 0x00000000eff00000, 0x00000000eff00000|100%| E|CS|TAMS 0x00000000efe00000, 0x00000000efe00000| Complete 
| 255|0x00000000eff00000, 0x00000000f0000000, 0x00000000f0000000|100%| E|CS|TAMS 0x00000000eff00000, 0x00000000eff00000| Complete 

Card table byte_map: [0x0000021579270000,0x0000021579370000] _byte_map_base: 0x0000021578b70000

Marking Bits (Prev, Next): (CMBitMap*) 0x00000215625b1cb0, (CMBitMap*) 0x00000215625b1cf0
 Prev Bits: [0x0000021579470000, 0x0000021579c70000)
 Next Bits: [0x0000021579c70000, 0x000002157a470000)

Polling page: 0x0000021560450000

Metaspace:

Usage:
  Non-class:     15.22 MB used.
      Class:      2.58 MB used.
       Both:     17.81 MB used.

Virtual space:
  Non-class space:       64.00 MB reserved,      15.38 MB ( 24%) committed,  1 nodes.
      Class space:      320.00 MB reserved,       2.69 MB ( <1%) committed,  1 nodes.
             Both:      384.00 MB reserved,      18.06 MB (  5%) committed. 

Chunk freelists:
   Non-Class:  401.00 KB
       Class:  13.26 MB
        Both:  13.65 MB

MaxMetaspaceSize: 384.00 MB
CompressedClassSpaceSize: 320.00 MB
Initial GC threshold: 21.00 MB
Current GC threshold: 21.00 MB
CDS: on
MetaspaceReclaimPolicy: balanced
 - commit_granule_bytes: 65536.
 - commit_granule_words: 8192.
 - virtual_space_node_default_size: 8388608.
 - enlarge_chunks_in_place: 1.
 - new_chunks_are_fully_committed: 0.
 - uncommit_free_chunks: 1.
 - use_allocation_guard: 0.
 - handle_deallocations: 1.


Internal statistics:

num_allocs_failed_limit: 0.
num_arena_births: 216.
num_arena_deaths: 0.
num_vsnodes_births: 2.
num_vsnodes_deaths: 0.
num_space_committed: 289.
num_space_uncommitted: 0.
num_chunks_returned_to_freelist: 0.
num_chunks_taken_from_freelist: 839.
num_chunk_merges: 0.
num_chunk_splits: 562.
num_chunks_enlarged: 403.
num_inconsistent_stats: 0.

CodeHeap 'non-profiled nmethods': size=120000Kb used=1263Kb max_used=1263Kb free=118736Kb
 bounds [0x0000021571910000, 0x0000021571b80000, 0x0000021578e40000]
CodeHeap 'profiled nmethods': size=120000Kb used=4801Kb max_used=4801Kb free=115198Kb
 bounds [0x0000021569e40000, 0x000002156a300000, 0x0000021571370000]
CodeHeap 'non-nmethods': size=5760Kb used=1239Kb max_used=1321Kb free=4520Kb
 bounds [0x0000021571370000, 0x00000215715e0000, 0x0000021571910000]
 total_blobs=2923 nmethods=2378 adapters=457
 compilation: enabled
              stopped_count=0, restarted_count=0
 full_count=0

Compilation events (20 events):
Event: 2.132 Thread 0x000002157ced6db0 2368       3       java.lang.ClassLoader::createOrGetClassLoaderValueMap (37 bytes)
Event: 2.132 Thread 0x000002157ced6db0 nmethod 2368 0x000002156a2e2510 code [0x000002156a2e26e0, 0x000002156a2e2a68]
Event: 2.132 Thread 0x000002157ced6db0 2366       3       java.lang.reflect.Method::getGenericParameterTypes (5 bytes)
Event: 2.133 Thread 0x000002157ced6db0 nmethod 2366 0x000002156a2e2b90 code [0x000002156a2e2e40, 0x000002156a2e3ef8]
Event: 2.133 Thread 0x000002157ced6db0 2369       3       jdk.internal.reflect.ReflectionFactory::getExecutableSharedParameterTypes (11 bytes)
Event: 2.133 Thread 0x000002157ced6db0 nmethod 2369 0x000002156a2e4410 code [0x000002156a2e45c0, 0x000002156a2e4828]
Event: 2.133 Thread 0x000002157ced6db0 2367       3       java.lang.reflect.Method::hasGenericInformation (13 bytes)
Event: 2.133 Thread 0x000002157ced6db0 nmethod 2367 0x000002156a2e4990 code [0x000002156a2e4b20, 0x000002156a2e4c98]
Event: 2.133 Thread 0x000002157ced6db0 2370       3       java.util.LinkedList$ListItr::<init> (47 bytes)
Event: 2.133 Thread 0x000002157ced6db0 nmethod 2370 0x000002156a2e4d10 code [0x000002156a2e4ec0, 0x000002156a2e51a8]
Event: 2.146 Thread 0x000002157ced6db0 2371       3       sun.reflect.annotation.AnnotationParser::parseArray (220 bytes)
Event: 2.146 Thread 0x000002157ced6db0 nmethod 2371 0x000002156a2e5290 code [0x000002156a2e5600, 0x000002156a2e6558]
Event: 2.148 Thread 0x000002157ced6db0 2372       3       org.gradle.internal.service.DefaultServiceRegistry$FactoryMethodService::<init> (22 bytes)
Event: 2.148 Thread 0x000002157ced6db0 nmethod 2372 0x000002156a2e6990 code [0x000002156a2e6bc0, 0x000002156a2e7628]
Event: 2.148 Thread 0x000002157ced6db0 2373       3       org.gradle.internal.service.AbstractServiceMethod::<init> (42 bytes)
Event: 2.149 Thread 0x000002157ced6db0 nmethod 2373 0x000002156a2e7990 code [0x000002156a2e7ce0, 0x000002156a2e9868]
Event: 2.169 Thread 0x000002157ced6db0 2375       3       java.util.HashMap::putMapEntries (167 bytes)
Event: 2.170 Thread 0x000002157ced6db0 nmethod 2375 0x000002156a2ea010 code [0x000002156a2ea2e0, 0x000002156a2eb108]
Event: 2.170 Thread 0x000002157ced6db0 2376       3       sun.reflect.annotation.AnnotationParser$1::run (40 bytes)
Event: 2.170 Thread 0x000002157ced6db0 nmethod 2376 0x000002156a2eb510 code [0x000002156a2eb780, 0x000002156a2ec5b8]

GC Heap History (4 events):
Event: 0.451 GC heap before
{Heap before GC invocations=0 (full 0):
 garbage-first heap   total 262144K, used 26624K [0x00000000e0000000, 0x0000000100000000)
  region size 1024K, 23 young (23552K), 0 survivors (0K)
 Metaspace       used 1940K, committed 2112K, reserved 393216K
  class space    used 201K, committed 320K, reserved 327680K
}
Event: 0.456 GC heap after
{Heap after GC invocations=1 (full 0):
 garbage-first heap   total 262144K, used 10696K [0x00000000e0000000, 0x0000000100000000)
  region size 1024K, 3 young (3072K), 3 survivors (3072K)
 Metaspace       used 1940K, committed 2112K, reserved 393216K
  class space    used 201K, committed 320K, reserved 327680K
}
Event: 0.840 GC heap before
{Heap before GC invocations=1 (full 0):
 garbage-first heap   total 262144K, used 38344K [0x00000000e0000000, 0x0000000100000000)
  region size 1024K, 30 young (30720K), 3 survivors (3072K)
 Metaspace       used 4075K, committed 4288K, reserved 393216K
  class space    used 507K, committed 640K, reserved 327680K
}
Event: 0.842 GC heap after
{Heap after GC invocations=2 (full 0):
 garbage-first heap   total 262144K, used 12277K [0x00000000e0000000, 0x0000000100000000)
  region size 1024K, 2 young (2048K), 2 survivors (2048K)
 Metaspace       used 4075K, committed 4288K, reserved 393216K
  class space    used 507K, committed 640K, reserved 327680K
}

Deoptimization events (20 events):
Event: 1.654 Thread 0x000002157e886690 DEOPT PACKING pc=0x00000215719c7b24 sp=0x00000020ad4fb840
Event: 1.654 Thread 0x000002157e886690 DEOPT UNPACKING pc=0x00000215713c23a3 sp=0x00000020ad4fb7c8 mode 2
Event: 1.794 Thread 0x000002157e886690 Uncommon trap: trap_request=0xffffff45 fr.pc=0x00000215719d9844 relative=0x00000000000001a4
Event: 1.794 Thread 0x000002157e886690 Uncommon trap: reason=unstable_if action=reinterpret pc=0x00000215719d9844 method=java.util.WeakHashMap.expungeStaleEntries()V @ 9 c2
Event: 1.794 Thread 0x000002157e886690 DEOPT PACKING pc=0x00000215719d9844 sp=0x00000020ad4fba70
Event: 1.794 Thread 0x000002157e886690 DEOPT UNPACKING pc=0x00000215713c23a3 sp=0x00000020ad4fba08 mode 2
Event: 1.868 Thread 0x000002157e886690 Uncommon trap: trap_request=0xffffff45 fr.pc=0x0000021571932a18 relative=0x0000000000000a38
Event: 1.868 Thread 0x000002157e886690 Uncommon trap: reason=unstable_if action=reinterpret pc=0x0000021571932a18 method=java.io.WinNTFileSystem.resolve(Ljava/lang/String;Ljava/lang/String;)Ljava/lang/String; @ 19 c2
Event: 1.868 Thread 0x000002157e886690 DEOPT PACKING pc=0x0000021571932a18 sp=0x00000020ad4fb5a0
Event: 1.868 Thread 0x000002157e886690 DEOPT UNPACKING pc=0x00000215713c23a3 sp=0x00000020ad4fb558 mode 2
Event: 1.870 Thread 0x000002157e886690 Uncommon trap: trap_request=0xffffff45 fr.pc=0x00000215719a09e8 relative=0x0000000000000628
Event: 1.870 Thread 0x000002157e886690 Uncommon trap: reason=unstable_if action=reinterpret pc=0x00000215719a09e8 method=java.io.File.getName()Ljava/lang/String; @ 16 c2
Event: 1.870 Thread 0x000002157e886690 DEOPT PACKING pc=0x00000215719a09e8 sp=0x00000020ad4fb550
Event: 1.870 Thread 0x000002157e886690 DEOPT UNPACKING pc=0x00000215713c23a3 sp=0x00000020ad4fb520 mode 2
Event: 1.939 Thread 0x000002157e886690 Uncommon trap: trap_request=0xffffff45 fr.pc=0x00000215719e5afc relative=0x000000000000075c
Event: 1.939 Thread 0x000002157e886690 Uncommon trap: reason=unstable_if action=reinterpret pc=0x00000215719e5afc method=java.util.ArrayList.grow(I)[Ljava/lang/Object; @ 17 c2
Event: 1.939 Thread 0x000002157e886690 DEOPT PACKING pc=0x00000215719e5afc sp=0x00000020ad4fcf50
Event: 1.939 Thread 0x000002157e886690 DEOPT UNPACKING pc=0x00000215713c23a3 sp=0x00000020ad4fcde8 mode 2
Event: 2.087 Thread 0x000002157e886690 DEOPT PACKING pc=0x0000021569f0ba3d sp=0x00000020ad4fb660
Event: 2.087 Thread 0x000002157e886690 DEOPT UNPACKING pc=0x00000215713c2b43 sp=0x00000020ad4faaf8 mode 0

Classes unloaded (0 events):
No events

Classes redefined (0 events):
No events

Internal exceptions (20 events):
Event: 1.624 Thread 0x000002157e886690 Exception <a 'java/lang/NoSuchMethodError'{0x00000000ec40d778}: 'void java.lang.invoke.DirectMethodHandle$Holder.invokeStatic(java.lang.Object, java.lang.Object)'> (0x00000000ec40d778) 
thrown [s\open\src\hotspot\share\interpreter\linkResolver.cpp, line 759]
Event: 1.651 Thread 0x000002157e886690 Exception <a 'java/lang/NoSuchMethodError'{0x00000000ec3ca968}: 'java.lang.Object java.lang.invoke.DirectMethodHandle$Holder.newInvokeSpecial(java.lang.Object, java.lang.Object, java.lang.Object, java.lang.Object, java.lang.Object)'> (0x00000000ec3ca968) 
thrown [s\open\src\hotspot\share\interpreter\linkResolver.cpp, line 759]
Event: 1.685 Thread 0x000002157e886690 Exception <a 'java/lang/NoSuchMethodError'{0x00000000ec0ab458}: 'java.lang.Object java.lang.invoke.DirectMethodHandle$Holder.newInvokeSpecial(java.lang.Object, java.lang.Object, java.lang.Object, java.lang.Object, java.lang.Object, java.lang.Object)'> (0x00000000ec0ab458) 
thrown [s\open\src\hotspot\share\interpreter\linkResolver.cpp, line 759]
Event: 1.687 Thread 0x000002157e886690 Exception <a 'java/lang/NoSuchMethodError'{0x00000000ec0c3a58}: 'void java.lang.invoke.DirectMethodHandle$Holder.invokeSpecial(java.lang.Object, java.lang.Object, java.lang.Object, java.lang.Object, java.lang.Object)'> (0x00000000ec0c3a58) 
thrown [s\open\src\hotspot\share\interpreter\linkResolver.cpp, line 759]
Event: 1.688 Thread 0x000002157e886690 Exception <a 'java/lang/NoSuchMethodError'{0x00000000ec0d8208}: 'void java.lang.invoke.DirectMethodHandle$Holder.invokeStaticInit(java.lang.Object, java.lang.Object)'> (0x00000000ec0d8208) 
thrown [s\open\src\hotspot\share\interpreter\linkResolver.cpp, line 759]
Event: 1.729 Thread 0x000002157e886690 Exception <a 'java/lang/NoSuchMethodError'{0x00000000ebdb3c78}: 'void java.lang.invoke.DelegatingMethodHandle$Holder.reinvoke_L(java.lang.Object, java.lang.Object, java.lang.Object, java.lang.Object, java.lang.Object, java.lang.Object, java.lang.Object, java.lang.Object, java.lang.Object, java.lang.Object)'> (0x00000000ebdb3c78) 
thrown [s\open\src\hotspot\share\interpreter\linkResolver.cpp, line 759]
Event: 1.729 Thread 0x000002157e886690 Exception <a 'java/lang/NoSuchMethodError'{0x00000000ebdbc0e8}: 'java.lang.Object java.lang.invoke.DirectMethodHandle$Holder.invokeSpecial(java.lang.Object, java.lang.Object, java.lang.Object, java.lang.Object, java.lang.Object, java.lang.Object, java.lang.Object, java.lang.Object, java.lang.Object, java.lang.Object)'> (0x00000000ebdbc0e8) 
thrown [s\open\src\hotspot\share\interpreter\linkResolver.cpp, line 759]
Event: 1.730 Thread 0x000002157e886690 Exception <a 'java/lang/NoSuchMethodError'{0x00000000ebdc09b8}: 'java.lang.Object java.lang.invoke.Invokers$Holder.invoker(java.lang.Object, java.lang.Object, java.lang.Object, java.lang.Object, java.lang.Object, java.lang.Object, java.lang.Object, java.lang.Object, java.lang.Object, java.lang.Object)'> (0x00000000ebdc09b8) 
thrown [s\open\src\hotspot\share\interpreter\linkResolver.cpp, line 759]
Event: 1.730 Thread 0x000002157e886690 Exception <a 'java/lang/NoSuchMethodError'{0x00000000ebdc6540}: 'java.lang.Object java.lang.invoke.DirectMethodHandle$Holder.invokeSpecial(java.lang.Object, java.lang.Object, java.lang.Object, java.lang.Object, java.lang.Object, java.lang.Object, java.lang.Object, java.lang.Object, java.lang.Object, java.lang.Object, java.lang.Object)'> (0x00000000ebdc6540) 
thrown [s\open\src\hotspot\share\interpreter\linkResolver.cpp, line 759]
Event: 1.810 Thread 0x000002157e886690 Exception <a 'java/lang/NoSuchMethodError'{0x00000000eb7c3768}: 'void java.lang.invoke.DirectMethodHandle$Holder.invokeStaticInit(java.lang.Object)'> (0x00000000eb7c3768) 
thrown [s\open\src\hotspot\share\interpreter\linkResolver.cpp, line 759]
Event: 1.818 Thread 0x000002157e886690 Exception <a 'java/lang/NoSuchMethodError'{0x00000000eb6757a0}: 'java.lang.Object java.lang.invoke.DirectMethodHandle$Holder.newInvokeSpecial(java.lang.Object, java.lang.Object, java.lang.Object, int)'> (0x00000000eb6757a0) 
thrown [s\open\src\hotspot\share\interpreter\linkResolver.cpp, line 759]
Event: 1.819 Thread 0x000002157e886690 Exception <a 'java/lang/NoSuchMethodError'{0x00000000eb67a0d0}: 'java.lang.Object java.lang.invoke.DirectMethodHandle$Holder.invokeSpecial(java.lang.Object, java.lang.Object, java.lang.Object, java.lang.Object, int)'> (0x00000000eb67a0d0) 
thrown [s\open\src\hotspot\share\interpreter\linkResolver.cpp, line 759]
Event: 1.819 Thread 0x000002157e886690 Exception <a 'java/lang/NoSuchMethodError'{0x00000000eb67e1e8}: 'java.lang.Object java.lang.invoke.Invokers$Holder.linkToTargetMethod(java.lang.Object, java.lang.Object, int, java.lang.Object)'> (0x00000000eb67e1e8) 
thrown [s\open\src\hotspot\share\interpreter\linkResolver.cpp, line 759]
Event: 1.888 Thread 0x000002157e886690 Exception <a 'java/lang/NoSuchMethodError'{0x00000000eb022618}: 'int java.lang.invoke.DirectMethodHandle$Holder.invokeVirtual(java.lang.Object, java.lang.Object, java.lang.Object)'> (0x00000000eb022618) 
thrown [s\open\src\hotspot\share\interpreter\linkResolver.cpp, line 759]
Event: 1.900 Thread 0x000002157e886690 Exception <a 'java/lang/NoSuchMethodError'{0x00000000eaf2ab90}: 'int java.lang.invoke.DirectMethodHandle$Holder.invokeSpecialIFC(java.lang.Object, java.lang.Object, java.lang.Object, java.lang.Object)'> (0x00000000eaf2ab90) 
thrown [s\open\src\hotspot\share\interpreter\linkResolver.cpp, line 759]
Event: 1.901 Thread 0x000002157e886690 Exception <a 'java/lang/NoSuchMethodError'{0x00000000eaf39a00}: 'java.lang.Object java.lang.invoke.DirectMethodHandle$Holder.invokeInterface(java.lang.Object, java.lang.Object, java.lang.Object)'> (0x00000000eaf39a00) 
thrown [s\open\src\hotspot\share\interpreter\linkResolver.cpp, line 759]
Event: 1.901 Thread 0x000002157e886690 Exception <a 'java/lang/IncompatibleClassChangeError'{0x00000000eaf3d618}: Found class java.lang.Object, but interface was expected> (0x00000000eaf3d618) 
thrown [s\open\src\hotspot\share\interpreter\linkResolver.cpp, line 826]
Event: 1.921 Thread 0x000002157e886690 Exception <a 'java/lang/NoSuchMethodError'{0x00000000ead28e98}: 'int java.lang.invoke.DirectMethodHandle$Holder.invokeStatic(java.lang.Object, java.lang.Object, java.lang.Object, java.lang.Object)'> (0x00000000ead28e98) 
thrown [s\open\src\hotspot\share\interpreter\linkResolver.cpp, line 759]
Event: 1.922 Thread 0x000002157e886690 Exception <a 'java/lang/NoSuchMethodError'{0x00000000ead2cac0}: 'java.lang.Object java.lang.invoke.Invokers$Holder.invokeExact_MT(java.lang.Object, java.lang.Object, java.lang.Object, java.lang.Object, java.lang.Object, java.lang.Object)'> (0x00000000ead2cac0) 
thrown [s\open\src\hotspot\share\interpreter\linkResolver.cpp, line 759]
Event: 1.958 Thread 0x000002157e886690 Exception <a 'java/lang/IncompatibleClassChangeError'{0x00000000eabdc720}: Found class java.lang.Object, but interface was expected> (0x00000000eabdc720) 
thrown [s\open\src\hotspot\share\interpreter\linkResolver.cpp, line 826]

VM Operations (20 events):
Event: 1.149 Executing VM operation: HandshakeAllThreads
Event: 1.149 Executing VM operation: HandshakeAllThreads done
Event: 1.199 Executing VM operation: HandshakeAllThreads
Event: 1.199 Executing VM operation: HandshakeAllThreads done
Event: 1.246 Executing VM operation: HandshakeAllThreads
Event: 1.246 Executing VM operation: HandshakeAllThreads done
Event: 1.280 Executing VM operation: HandshakeAllThreads
Event: 1.280 Executing VM operation: HandshakeAllThreads done
Event: 1.333 Executing VM operation: HandshakeAllThreads
Event: 1.333 Executing VM operation: HandshakeAllThreads done
Event: 1.485 Executing VM operation: HandshakeAllThreads
Event: 1.485 Executing VM operation: HandshakeAllThreads done
Event: 1.654 Executing VM operation: ICBufferFull
Event: 1.654 Executing VM operation: ICBufferFull done
Event: 1.712 Executing VM operation: HandshakeAllThreads
Event: 1.712 Executing VM operation: HandshakeAllThreads done
Event: 1.951 Executing VM operation: HandshakeAllThreads
Event: 1.951 Executing VM operation: HandshakeAllThreads done
Event: 1.952 Executing VM operation: HandshakeAllThreads
Event: 1.952 Executing VM operation: HandshakeAllThreads done

Events (20 events):
Event: 1.902 loading class java/util/stream/ReduceOps$1ReducingSink
Event: 1.902 loading class java/util/stream/ReduceOps$1ReducingSink done
Event: 1.969 loading class java/util/Collections$2
Event: 1.969 loading class java/util/Collections$2 done
Event: 2.023 loading class java/util/function/LongFunction
Event: 2.024 loading class java/util/function/LongFunction done
Event: 2.046 loading class java/security/InvalidKeyException
Event: 2.046 loading class java/security/KeyException
Event: 2.046 loading class java/security/KeyException done
Event: 2.046 loading class java/security/InvalidKeyException done
Event: 2.096 loading class java/io/ObjectOutputStream
Event: 2.097 loading class java/io/ObjectOutput
Event: 2.097 loading class java/io/ObjectOutput done
Event: 2.097 loading class java/io/ObjectStreamConstants
Event: 2.097 loading class java/io/ObjectStreamConstants done
Event: 2.097 loading class java/io/ObjectOutputStream done
Event: 2.097 loading class java/io/ObjectInputStream
Event: 2.098 loading class java/io/ObjectInput
Event: 2.099 loading class java/io/ObjectInput done
Event: 2.099 loading class java/io/ObjectInputStream done


Dynamic libraries:
0x00007ff73b610000 - 0x00007ff73b620000 	C:\Program Files\Java\jdk-17\bin\java.exe
0x00007ffbf4f50000 - 0x00007ffbf5167000 	C:\Windows\SYSTEM32\ntdll.dll
0x00007ffbf38e0000 - 0x00007ffbf39a4000 	C:\Windows\System32\KERNEL32.DLL
0x00007ffbf2340000 - 0x00007ffbf26ed000 	C:\Windows\System32\KERNELBASE.dll
0x00007ffbf2970000 - 0x00007ffbf2a81000 	C:\Windows\System32\ucrtbase.dll
0x00007ffbdc510000 - 0x00007ffbdc529000 	C:\Program Files\Java\jdk-17\bin\jli.dll
0x00007ffbdc420000 - 0x00007ffbdc43b000 	C:\Program Files\Java\jdk-17\bin\VCRUNTIME140.dll
0x00007ffbf3490000 - 0x00007ffbf3542000 	C:\Windows\System32\ADVAPI32.dll
0x00007ffbf3190000 - 0x00007ffbf3237000 	C:\Windows\System32\msvcrt.dll
0x00007ffbf4db0000 - 0x00007ffbf4e59000 	C:\Windows\System32\sechost.dll
0x00007ffbf2820000 - 0x00007ffbf2848000 	C:\Windows\System32\bcrypt.dll
0x00007ffbf2ea0000 - 0x00007ffbf2fb4000 	C:\Windows\System32\RPCRT4.dll
0x00007ffbf4610000 - 0x00007ffbf47be000 	C:\Windows\System32\USER32.dll
0x00007ffbf2310000 - 0x00007ffbf2336000 	C:\Windows\System32\win32u.dll
0x00007ffbd4940000 - 0x00007ffbd4bd3000 	C:\Windows\WinSxS\amd64_microsoft.windows.common-controls_6595b64144ccf1df_6.0.22621.3672_none_2713b9d173822955\COMCTL32.dll
0x00007ffbf3460000 - 0x00007ffbf3489000 	C:\Windows\System32\GDI32.dll
0x00007ffbf2850000 - 0x00007ffbf2969000 	C:\Windows\System32\gdi32full.dll
0x00007ffbf2270000 - 0x00007ffbf230a000 	C:\Windows\System32\msvcp_win.dll
0x00007ffbebc70000 - 0x00007ffbebc7a000 	C:\Windows\SYSTEM32\VERSION.dll
0x00007ffbf32c0000 - 0x00007ffbf32f1000 	C:\Windows\System32\IMM32.DLL
0x00007ffbddca0000 - 0x00007ffbddcac000 	C:\Program Files\Java\jdk-17\bin\vcruntime140_1.dll
0x00007ffbc7d40000 - 0x00007ffbc7dce000 	C:\Program Files\Java\jdk-17\bin\msvcp140.dll
0x00007ffb4e020000 - 0x00007ffb4ec00000 	C:\Program Files\Java\jdk-17\bin\server\jvm.dll
0x00007ffbf39b0000 - 0x00007ffbf39b8000 	C:\Windows\System32\PSAPI.DLL
0x00007ffbdf6f0000 - 0x00007ffbdf724000 	C:\Windows\SYSTEM32\WINMM.dll
0x00007ffbdf320000 - 0x00007ffbdf329000 	C:\Windows\SYSTEM32\WSOCK32.dll
0x00007ffbf3240000 - 0x00007ffbf32b1000 	C:\Windows\System32\WS2_32.dll
0x00007ffbf1260000 - 0x00007ffbf1278000 	C:\Windows\SYSTEM32\kernel.appcore.dll
0x00007ffbddbd0000 - 0x00007ffbddbda000 	C:\Program Files\Java\jdk-17\bin\jimage.dll
0x00007ffbd2440000 - 0x00007ffbd2672000 	C:\Windows\SYSTEM32\DBGHELP.DLL
0x00007ffbf3550000 - 0x00007ffbf38dd000 	C:\Windows\System32\combase.dll
0x00007ffbf30b0000 - 0x00007ffbf3187000 	C:\Windows\System32\OLEAUT32.dll
0x00007ffbd2400000 - 0x00007ffbd2432000 	C:\Windows\SYSTEM32\dbgcore.DLL
0x00007ffbf2c00000 - 0x00007ffbf2c7b000 	C:\Windows\System32\bcryptPrimitives.dll
0x00007ffbdd260000 - 0x00007ffbdd26e000 	C:\Program Files\Java\jdk-17\bin\instrument.dll
0x00007ffbd2a00000 - 0x00007ffbd2a25000 	C:\Program Files\Java\jdk-17\bin\java.dll
0x00007ffbb7c40000 - 0x00007ffbb7d17000 	C:\Program Files\Java\jdk-17\bin\jsvml.dll
0x00007ffbf3b00000 - 0x00007ffbf4368000 	C:\Windows\System32\SHELL32.dll
0x00007ffbf0170000 - 0x00007ffbf0a6e000 	C:\Windows\SYSTEM32\windows.storage.dll
0x00007ffbf0030000 - 0x00007ffbf016f000 	C:\Windows\SYSTEM32\wintypes.dll
0x00007ffbf4cb0000 - 0x00007ffbf4da9000 	C:\Windows\System32\SHCORE.dll
0x00007ffbf2c80000 - 0x00007ffbf2cde000 	C:\Windows\System32\shlwapi.dll
0x00007ffbf21a0000 - 0x00007ffbf21c1000 	C:\Windows\SYSTEM32\profapi.dll
0x00007ffbdb9b0000 - 0x00007ffbdb9c8000 	C:\Program Files\Java\jdk-17\bin\zip.dll
0x00007ffbd88e0000 - 0x00007ffbd88f9000 	C:\Program Files\Java\jdk-17\bin\net.dll
0x00007ffbeec90000 - 0x00007ffbeedc6000 	C:\Windows\SYSTEM32\WINHTTP.dll
0x00007ffbf16c0000 - 0x00007ffbf1729000 	C:\Windows\system32\mswsock.dll
0x00007ffbd2ba0000 - 0x00007ffbd2bb6000 	C:\Program Files\Java\jdk-17\bin\nio.dll
0x00007ffbdc480000 - 0x00007ffbdc490000 	C:\Program Files\Java\jdk-17\bin\verify.dll
0x00007ffbde400000 - 0x00007ffbde427000 	C:\Users\bitcamp\.gradle\native\c067742578af261105cb4f569cf0c3c89f3d7b1fecec35dd04571415982c5e48\windows-amd64\native-platform.dll
0x00007ffbb6370000 - 0x00007ffbb64b4000 	C:\Users\bitcamp\.gradle\native\100fb08df4bc3b14c8652ba06237920a3bd2aa13389f12d3474272988ae205f9\windows-amd64\native-platform-file-events.dll
0x00007ffbdbd90000 - 0x00007ffbdbd9a000 	C:\Program Files\Java\jdk-17\bin\management.dll
0x00007ffbdbc70000 - 0x00007ffbdbc7b000 	C:\Program Files\Java\jdk-17\bin\management_ext.dll
0x00007ffbf18f0000 - 0x00007ffbf190b000 	C:\Windows\SYSTEM32\CRYPTSP.dll
0x00007ffbf11c0000 - 0x00007ffbf11f5000 	C:\Windows\system32\rsaenh.dll
0x00007ffbf1770000 - 0x00007ffbf1798000 	C:\Windows\SYSTEM32\USERENV.dll
0x00007ffbf1910000 - 0x00007ffbf191c000 	C:\Windows\SYSTEM32\CRYPTBASE.dll
0x00007ffbf0d10000 - 0x00007ffbf0d3d000 	C:\Windows\SYSTEM32\IPHLPAPI.DLL
0x00007ffbf39f0000 - 0x00007ffbf39f9000 	C:\Windows\System32\NSI.dll
0x00007ffbeebd0000 - 0x00007ffbeebe9000 	C:\Windows\SYSTEM32\dhcpcsvc6.DLL
0x00007ffbeebb0000 - 0x00007ffbeebcf000 	C:\Windows\SYSTEM32\dhcpcsvc.DLL
0x00007ffbf0d40000 - 0x00007ffbf0e38000 	C:\Windows\SYSTEM32\DNSAPI.dll
0x00007ffbdb9f0000 - 0x00007ffbdb9fe000 	C:\Program Files\Java\jdk-17\bin\sunmscapi.dll
0x00007ffbf2a90000 - 0x00007ffbf2bf7000 	C:\Windows\System32\CRYPT32.dll
0x00007ffbf1b10000 - 0x00007ffbf1b3e000 	C:\Windows\SYSTEM32\ncrypt.dll
0x00007ffbf1ad0000 - 0x00007ffbf1b07000 	C:\Windows\SYSTEM32\NTASN1.dll
0x00007ffbdc500000 - 0x00007ffbdc508000 	C:\Windows\system32\wshunix.dll

dbghelp: loaded successfully - version: 4.0.5 - missing functions: none
symbol engine: initialized successfully - sym options: 0x614 - pdb path: .;C:\Program Files\Java\jdk-17\bin;C:\Windows\SYSTEM32;C:\Windows\WinSxS\amd64_microsoft.windows.common-controls_6595b64144ccf1df_6.0.22621.3672_none_2713b9d173822955;C:\Program Files\Java\jdk-17\bin\server;C:\Users\bitcamp\.gradle\native\c067742578af261105cb4f569cf0c3c89f3d7b1fecec35dd04571415982c5e48\windows-amd64;C:\Users\bitcamp\.gradle\native\100fb08df4bc3b14c8652ba06237920a3bd2aa13389f12d3474272988ae205f9\windows-amd64

VM Arguments:
jvm_args: --add-opens=java.base/java.util=ALL-UNNAMED --add-opens=java.base/java.lang=ALL-UNNAMED --add-opens=java.base/java.lang.invoke=ALL-UNNAMED --add-opens=java.prefs/java.util.prefs=ALL-UNNAMED --add-opens=java.base/java.nio.charset=ALL-UNNAMED --add-opens=java.base/java.net=ALL-UNNAMED --add-opens=java.base/java.util.concurrent.atomic=ALL-UNNAMED -XX:MaxMetaspaceSize=384m -XX:+HeapDumpOnOutOfMemoryError -Xms256m -Xmx512m -Dfile.encoding=UTF-8 -Duser.country=KR -Duser.language=ko -Duser.variant -javaagent:C:\Users\bitcamp\.gradle\wrapper\dists\gradle-8.8-bin\dl7vupf4psengwqhwktix4v1\gradle-8.8\lib\agents\gradle-instrumentation-agent-8.8.jar 
java_command: org.gradle.launcher.daemon.bootstrap.GradleDaemon 8.8
java_class_path (initial): C:\Users\bitcamp\.gradle\wrapper\dists\gradle-8.8-bin\dl7vupf4psengwqhwktix4v1\gradle-8.8\lib\gradle-launcher-8.8.jar
Launcher Type: SUN_STANDARD

[Global flags]
     intx CICompilerCount                          = 4                                         {product} {ergonomic}
   size_t CompressedClassSpaceSize                 = 335544320                                 {product} {ergonomic}
     uint ConcGCThreads                            = 2                                         {product} {ergonomic}
     uint G1ConcRefinementThreads                  = 8                                         {product} {ergonomic}
   size_t G1HeapRegionSize                         = 1048576                                   {product} {ergonomic}
    uintx GCDrainStackTargetSize                   = 64                                        {product} {ergonomic}
     bool HeapDumpOnOutOfMemoryError               = true                                   {manageable} {command line}
   size_t InitialHeapSize                          = 268435456                                 {product} {command line}
   size_t MarkStackSize                            = 4194304                                   {product} {ergonomic}
   size_t MaxHeapSize                              = 536870912                                 {product} {command line}
   size_t MaxMetaspaceSize                         = 402653184                                 {product} {command line}
   size_t MaxNewSize                               = 321912832                                 {product} {ergonomic}
   size_t MinHeapDeltaBytes                        = 1048576                                   {product} {ergonomic}
   size_t MinHeapSize                              = 268435456                                 {product} {command line}
    uintx NonNMethodCodeHeapSize                   = 5839372                                {pd product} {ergonomic}
    uintx NonProfiledCodeHeapSize                  = 122909434                              {pd product} {ergonomic}
    uintx ProfiledCodeHeapSize                     = 122909434                              {pd product} {ergonomic}
    uintx ReservedCodeCacheSize                    = 251658240                              {pd product} {ergonomic}
     bool SegmentedCodeCache                       = true                                      {product} {ergonomic}
   size_t SoftMaxHeapSize                          = 536870912                              {manageable} {ergonomic}
     bool UseCompressedClassPointers               = true                           {product lp64_product} {ergonomic}
     bool UseCompressedOops                        = true                           {product lp64_product} {ergonomic}
     bool UseG1GC                                  = true                                      {product} {ergonomic}
     bool UseLargePagesIndividualAllocation        = false                                  {pd product} {ergonomic}

Logging:
Log output configuration:
 #0: stdout all=warning uptime,level,tags
 #1: stderr all=off uptime,level,tags

Environment Variables:
JAVA_HOME=C:\Program Files\Java\jdk-17
PATH=C:\Program Files\Java\jdk-17\bin;C:\Windows\system32;C:\Windows;C:\Windows\System32\Wbem;C:\Windows\System32\WindowsPowerShell\v1.0\;C:\Windows\System32\OpenSSH\;C:\Program Files\Git\cmd;C:\Program Files\Docker\Docker\resources\bin;C:\Users\bitcamp\AppData\Local\Microsoft\WindowsApps;
USERNAME=bitcamp
OS=Windows_NT
PROCESSOR_IDENTIFIER=Intel64 Family 6 Model 158 Stepping 13, GenuineIntel



---------------  S Y S T E M  ---------------

OS:
 Windows 11 , 64 bit Build 22621 (10.0.22621.3958)
OS uptime: 4 days 22:42 hours
Hyper-V role detected

CPU: total 8 (initial active 8) (8 cores per cpu, 1 threads per core) family 6 model 158 stepping 13 microcode 0xec, cx8, cmov, fxsr, mmx, 3dnowpref, sse, sse2, sse3, ssse3, sse4.1, sse4.2, popcnt, lzcnt, tsc, tscinvbit, avx, avx2, aes, erms, clmul, bmi1, bmi2, adx, fma, vzeroupper, clflush, clflushopt, hv

Memory: 4k page, system-wide physical 16222M (3303M free)
TotalPageFile size 46613M (AvailPageFile size 11M)
current process WorkingSet (physical memory assigned to process): 237M, peak: 242M
current process commit charge ("private bytes"): 428M, peak: 437M

vm_info: Java HotSpot(TM) 64-Bit Server VM (17.0.11+7-LTS-207) for windows-amd64 JRE (17.0.11+7-LTS-207), built on Mar 11 2024 19:01:50 by "mach5one" with MS VC++ 17.6 (VS2022)

END.
