#
# There is insufficient memory for the Java Runtime Environment to continue.
# Native memory allocation (mmap) failed to map 266338304 bytes for G1 virtual space
# Possible reasons:
#   The system is out of physical RAM or swap space
#   The process is running with CompressedOops enabled, and the Java Heap may be blocking the growth of the native heap
# Possible solutions:
#   Reduce memory load on the system
#   Increase physical memory or swap space
#   Check if swap backing store is full
#   Decrease Java heap size (-Xmx/-Xms)
#   Decrease number of Java threads
#   Decrease Java thread stack sizes (-Xss)
#   Set larger code cache with -XX:ReservedCodeCacheSize=
#   JVM is running with Zero Based Compressed Oops mode in which the Java heap is
#     placed in the first 32GB address space. The Java Heap base address is the
#     maximum limit for the native heap growth. Please use -XX:HeapBaseMinAddress
#     to set the Java Heap base and to place the Java Heap above 32GB virtual address.
# This output file may be truncated or incomplete.
#
#  Out of Memory Error (os_windows.cpp:3548), pid=26516, tid=15852
#
# JRE version:  (17.0.11+7) (build )
# Java VM: Java HotSpot(TM) 64-Bit Server VM (17.0.11+7-LTS-207, mixed mode, sharing, tiered, compressed oops, compressed class ptrs, g1 gc, windows-amd64)
# No core dump will be written. Minidumps are not enabled by default on client versions of Windows
#

---------------  S U M M A R Y ------------

Command Line: GradleTest-0.0.1.jar

Host: Intel(R) Core(TM) i7-9700 CPU @ 3.00GHz, 8 cores, 15G,  Windows 11 , 64 bit Build 22621 (10.0.22621.3958)
Time: Mon Sep  2 12:00:46 2024  Windows 11 , 64 bit Build 22621 (10.0.22621.3958) elapsed time: 0.009280 seconds (0d 0h 0m 0s)

---------------  T H R E A D  ---------------

Current thread (0x000001f42636f2b0):  JavaThread "Unknown thread" [_thread_in_vm, id=15852, stack(0x0000008a59e00000,0x0000008a59f00000)]

Stack: [0x0000008a59e00000,0x0000008a59f00000]
Native frames: (J=compiled Java code, j=interpreted, Vv=VM code, C=native code)
V  [jvm.dll+0x679cca]
V  [jvm.dll+0x7da13d]
V  [jvm.dll+0x7dba83]
V  [jvm.dll+0x7dc0f3]
V  [jvm.dll+0x2449af]
V  [jvm.dll+0x676ce9]
V  [jvm.dll+0x66b852]
V  [jvm.dll+0x3018d6]
V  [jvm.dll+0x308e76]
V  [jvm.dll+0x3596ee]
V  [jvm.dll+0x35991f]
V  [jvm.dll+0x2d89a8]
V  [jvm.dll+0x2d9914]
V  [jvm.dll+0x7ac6b1]
V  [jvm.dll+0x366f61]
V  [jvm.dll+0x78b609]
V  [jvm.dll+0x3ec22f]
V  [jvm.dll+0x3ede61]
C  [jli.dll+0x5297]
C  [ucrtbase.dll+0x29333]
C  [KERNEL32.DLL+0x1257d]
C  [ntdll.dll+0x5af28]


---------------  P R O C E S S  ---------------

Threads class SMR info:
_java_thread_list=0x00007ffc4d1f7a18, length=0, elements={
}

Java Threads: ( => current thread )

Other Threads:
  0x000001f4263da560 GCTaskThread "GC Thread#0" [stack: 0x0000008a59f00000,0x0000008a5a000000] [id=292]
  0x000001f4263ec240 ConcurrentGCThread "G1 Main Marker" [stack: 0x0000008a5a000000,0x0000008a5a100000] [id=25816]
  0x000001f4263ecc50 ConcurrentGCThread "G1 Conc#0" [stack: 0x0000008a5a100000,0x0000008a5a200000] [id=20776]

[error occurred during error reporting (printing all threads), id 0xc0000005, EXCEPTION_ACCESS_VIOLATION (0xc0000005) at pc=0x00007ffc4ca29497]

VM state: not at safepoint (not fully initialized)

VM Mutex/Monitor currently owned by a thread:  ([mutex/lock_event])
[0x000001f42636a050] Heap_lock - owner thread: 0x000001f42636f2b0

Heap address: 0x0000000702800000, size: 4056 MB, Compressed Oops mode: Zero based, Oop shift amount: 3

CDS archive(s) mapped at: [0x0000000000000000-0x0000000000000000-0x0000000000000000), size 0, SharedBaseAddress: 0x0000000800000000, ArchiveRelocationMode: 1.
Narrow klass base: 0x0000000000000000, Narrow klass shift: 0, Narrow klass range: 0x0

GC Precious Log:
<Empty>

Heap:
 garbage-first heap   total 0K, used 0K [0x0000000702800000, 0x0000000800000000)
  region size 2048K, 0 young (0K), 0 survivors (0K)

[error occurred during error reporting (printing heap information), id 0xc0000005, EXCEPTION_ACCESS_VIOLATION (0xc0000005) at pc=0x00007ffc4ce13559]

GC Heap History (0 events):
No events

Deoptimization events (0 events):
No events

Classes unloaded (0 events):
No events

Classes redefined (0 events):
No events

Internal exceptions (0 events):
No events

VM Operations (0 events):
No events

Events (1 events):
Event: 0.005 Loaded shared library C:\Program Files\Java\jdk-17\bin\java.dll


Dynamic libraries:
0x00007ff7407b0000 - 0x00007ff7407c0000 	C:\Program Files\Java\jdk-17\bin\java.exe
0x00007ffc975d0000 - 0x00007ffc977e7000 	C:\Windows\SYSTEM32\ntdll.dll
0x00007ffc95ed0000 - 0x00007ffc95f94000 	C:\Windows\System32\KERNEL32.DLL
0x00007ffc948f0000 - 0x00007ffc94c9d000 	C:\Windows\System32\KERNELBASE.dll
0x00007ffc94ee0000 - 0x00007ffc94ff1000 	C:\Windows\System32\ucrtbase.dll
0x00007ffc8e7d0000 - 0x00007ffc8e7e9000 	C:\Program Files\Java\jdk-17\bin\jli.dll
0x00007ffc7fc50000 - 0x00007ffc7fc6b000 	C:\Program Files\Java\jdk-17\bin\VCRUNTIME140.dll
0x00007ffc96e30000 - 0x00007ffc96ee2000 	C:\Windows\System32\ADVAPI32.dll
0x00007ffc95fa0000 - 0x00007ffc96047000 	C:\Windows\System32\msvcrt.dll
0x00007ffc96d80000 - 0x00007ffc96e29000 	C:\Windows\System32\sechost.dll
0x00007ffc95120000 - 0x00007ffc95148000 	C:\Windows\System32\bcrypt.dll
0x00007ffc95430000 - 0x00007ffc95544000 	C:\Windows\System32\RPCRT4.dll
0x00007ffc96250000 - 0x00007ffc963fe000 	C:\Windows\System32\USER32.dll
0x00007ffc94e10000 - 0x00007ffc94e36000 	C:\Windows\System32\win32u.dll
0x00007ffc77950000 - 0x00007ffc77be3000 	C:\Windows\WinSxS\amd64_microsoft.windows.common-controls_6595b64144ccf1df_6.0.22621.3672_none_2713b9d173822955\COMCTL32.dll
0x00007ffc96060000 - 0x00007ffc96089000 	C:\Windows\System32\GDI32.dll
0x00007ffc95000000 - 0x00007ffc95119000 	C:\Windows\System32\gdi32full.dll
0x00007ffc94e40000 - 0x00007ffc94eda000 	C:\Windows\System32\msvcp_win.dll
0x00007ffc8df50000 - 0x00007ffc8df5a000 	C:\Windows\SYSTEM32\VERSION.dll
0x00007ffc95300000 - 0x00007ffc95331000 	C:\Windows\System32\IMM32.DLL
0x00007ffc91080000 - 0x00007ffc9108c000 	C:\Program Files\Java\jdk-17\bin\vcruntime140_1.dll
0x00007ffc67b50000 - 0x00007ffc67bde000 	C:\Program Files\Java\jdk-17\bin\msvcp140.dll
0x00007ffc4c740000 - 0x00007ffc4d320000 	C:\Program Files\Java\jdk-17\bin\server\jvm.dll
0x00007ffc96090000 - 0x00007ffc96098000 	C:\Windows\System32\PSAPI.DLL
0x00007ffc8e7c0000 - 0x00007ffc8e7c9000 	C:\Windows\SYSTEM32\WSOCK32.dll
0x00007ffc81a80000 - 0x00007ffc81ab4000 	C:\Windows\SYSTEM32\WINMM.dll
0x00007ffc96c70000 - 0x00007ffc96ce1000 	C:\Windows\System32\WS2_32.dll
0x00007ffc93880000 - 0x00007ffc93898000 	C:\Windows\SYSTEM32\kernel.appcore.dll
0x00007ffc8e610000 - 0x00007ffc8e61a000 	C:\Program Files\Java\jdk-17\bin\jimage.dll
0x00007ffc73b50000 - 0x00007ffc73d82000 	C:\Windows\SYSTEM32\DBGHELP.DLL
0x00007ffc97040000 - 0x00007ffc973cd000 	C:\Windows\System32\combase.dll
0x00007ffc96ef0000 - 0x00007ffc96fc7000 	C:\Windows\System32\OLEAUT32.dll
0x00007ffc739e0000 - 0x00007ffc73a12000 	C:\Windows\SYSTEM32\dbgcore.DLL
0x00007ffc95150000 - 0x00007ffc951cb000 	C:\Windows\System32\bcryptPrimitives.dll
0x00007ffc773c0000 - 0x00007ffc773e5000 	C:\Program Files\Java\jdk-17\bin\java.dll

dbghelp: loaded successfully - version: 4.0.5 - missing functions: none
symbol engine: initialized successfully - sym options: 0x614 - pdb path: .;C:\Program Files\Java\jdk-17\bin;C:\Windows\SYSTEM32;C:\Windows\WinSxS\amd64_microsoft.windows.common-controls_6595b64144ccf1df_6.0.22621.3672_none_2713b9d173822955;C:\Program Files\Java\jdk-17\bin\server

VM Arguments:
java_command: GradleTest-0.0.1.jar
java_class_path (initial): GradleTest-0.0.1.jar
Launcher Type: SUN_STANDARD

[Global flags]
     intx CICompilerCount                          = 4                                         {product} {ergonomic}
     uint ConcGCThreads                            = 2                                         {product} {ergonomic}
     uint G1ConcRefinementThreads                  = 8                                         {product} {ergonomic}
   size_t G1HeapRegionSize                         = 2097152                                   {product} {ergonomic}
    uintx GCDrainStackTargetSize                   = 64                                        {product} {ergonomic}
   size_t InitialHeapSize                          = 266338304                                 {product} {ergonomic}
   size_t MarkStackSize                            = 4194304                                   {product} {ergonomic}
   size_t MaxHeapSize                              = 4253024256                                {product} {ergonomic}
   size_t MinHeapDeltaBytes                        = 2097152                                   {product} {ergonomic}
   size_t MinHeapSize                              = 8388608                                   {product} {ergonomic}
    uintx NonNMethodCodeHeapSize                   = 5839372                                {pd product} {ergonomic}
    uintx NonProfiledCodeHeapSize                  = 122909434                              {pd product} {ergonomic}
    uintx ProfiledCodeHeapSize                     = 122909434                              {pd product} {ergonomic}
    uintx ReservedCodeCacheSize                    = 251658240                              {pd product} {ergonomic}
     bool SegmentedCodeCache                       = true                                      {product} {ergonomic}
   size_t SoftMaxHeapSize                          = 4253024256                             {manageable} {ergonomic}
     bool UseCompressedClassPointers               = true                           {product lp64_product} {ergonomic}
     bool UseCompressedOops                        = true                           {product lp64_product} {ergonomic}
     bool UseG1GC                                  = true                                      {product} {ergonomic}
     bool UseLargePagesIndividualAllocation        = false                                  {pd product} {ergonomic}

Logging:
Log output configuration:
 #0: stdout all=warning uptime,level,tags
 #1: stderr all=off uptime,level,tags

Environment Variables:
JAVA_HOME=C:\Program Files\Java\jdk-17
PATH=C:\Program Files\Java\jdk-17\bin;C:\Windows\system32;C:\Windows;C:\Windows\System32\Wbem;C:\Windows\System32\WindowsPowerShell\v1.0\;C:\Windows\System32\OpenSSH\;C:\Program Files\Git\cmd;C:\Program Files\Docker\Docker\resources\bin;C:\Users\bitcamp\AppData\Local\Microsoft\WindowsApps;C:\Users\bitcamp\AppData\Local\Programs\Microsoft VS Code\bin
USERNAME=bitcamp
OS=Windows_NT
PROCESSOR_IDENTIFIER=Intel64 Family 6 Model 158 Stepping 13, GenuineIntel



---------------  S Y S T E M  ---------------

OS:
 Windows 11 , 64 bit Build 22621 (10.0.22621.3958)
OS uptime: 5 days 20:14 hours
Hyper-V role detected

CPU: total 8 (initial active 8) (8 cores per cpu, 1 threads per core) family 6 model 158 stepping 13 microcode 0xec, cx8, cmov, fxsr, mmx, 3dnowpref, sse, sse2, sse3, ssse3, sse4.1, sse4.2, popcnt, lzcnt, tsc, tscinvbit, avx, avx2, aes, erms, clmul, bmi1, bmi2, adx, fma, vzeroupper, clflush, clflushopt, hv

Memory: 4k page, system-wide physical 16222M (1215M free)
TotalPageFile size 65374M (AvailPageFile size 198M)
current process WorkingSet (physical memory assigned to process): 11M, peak: 11M
current process commit charge ("private bytes"): 60M, peak: 314M

vm_info: Java HotSpot(TM) 64-Bit Server VM (17.0.11+7-LTS-207) for windows-amd64 JRE (17.0.11+7-LTS-207), built on Mar 11 2024 19:01:50 by "mach5one" with MS VC++ 17.6 (VS2022)

END.
